#
# There is insufficient memory for the Java Runtime Environment to continue.
# Native memory allocation (malloc) failed to allocate 32744 bytes for Chunk::new
# Possible reasons:
#   The system is out of physical RAM or swap space
#   The process is running with CompressedOops enabled, and the Java Heap may be blocking the growth of the native heap
# Possible solutions:
#   Reduce memory load on the system
#   Increase physical memory or swap space
#   Check if swap backing store is full
#   Decrease Java heap size (-Xmx/-Xms)
#   Decrease number of Java threads
#   Decrease Java thread stack sizes (-Xss)
#   Set larger code cache with -XX:ReservedCodeCacheSize=
#   JVM is running with Unscaled Compressed Oops mode in which the Java heap is
#     placed in the first 4GB address space. The Java Heap base address is the
#     maximum limit for the native heap growth. Please use -XX:HeapBaseMinAddress
#     to set the Java Heap base and to place the Java Heap above 4GB virtual address.
# This output file may be truncated or incomplete.
#
#  Out of Memory Error (arena.cpp:168), pid=20780, tid=11888
#
# JRE version: Java(TM) SE Runtime Environment (21.0.2+13) (build 21.0.2+13-LTS-58)
# Java VM: Java HotSpot(TM) 64-Bit Server VM (21.0.2+13-LTS-58, mixed mode, sharing, tiered, compressed oops, compressed class ptrs, g1 gc, windows-amd64)
# No core dump will be written. Minidumps are not enabled by default on client versions of Windows
#

---------------  S U M M A R Y ------------

Command Line: -Dcom.sun.management.jmxremote -Dcom.sun.management.jmxremote.port=49388 -Dcom.sun.management.jmxremote.authenticate=false -Dcom.sun.management.jmxremote.ssl=false -Dspring.jmx.enabled=true -Djava.rmi.server.hostname=localhost -Dspring.application.admin.enabled=true -Dspring.boot.project.name=project -XX:+ShowCodeDetailsInExceptionMessages -Dmanagement.endpoints.jmx.exposure.include=* com.project1.project.ProjectApplication

Host: Intel(R) Core(TM) i7-8550U CPU @ 1.80GHz, 8 cores, 7G,  Windows 11 , 64 bit Build 22621 (10.0.22621.3235)
Time: Fri Mar 22 17:18:25 2024 West Bank Gaza Standard Time elapsed time: 32.600806 seconds (0d 0h 0m 32s)

---------------  T H R E A D  ---------------

Current thread (0x000002b6189baa90):  JavaThread "C2 CompilerThread2" daemon [_thread_in_native, id=11888, stack(0x000000f77f500000,0x000000f77f600000) (1024K)]


Current CompileTask:
C2:  32601 7897   !   4       org.springframework.aop.aspectj.AspectJExpressionPointcut::getTargetShadowMatch (98 bytes)

Stack: [0x000000f77f500000,0x000000f77f600000]
Native frames: (J=compiled Java code, j=interpreted, Vv=VM code, C=native code)
V  [jvm.dll+0x6cade9]
V  [jvm.dll+0x8569c1]
V  [jvm.dll+0x858d2e]
V  [jvm.dll+0x859413]
V  [jvm.dll+0x280e56]
V  [jvm.dll+0xc3f3d]
V  [jvm.dll+0xc4473]
V  [jvm.dll+0x3baf48]
V  [jvm.dll+0x5d6718]
V  [jvm.dll+0x5d57f6]
V  [jvm.dll+0x5d6075]
V  [jvm.dll+0x382884]
V  [jvm.dll+0x381cca]
V  [jvm.dll+0x249bd0]
V  [jvm.dll+0x2491b1]
V  [jvm.dll+0x1c9634]
V  [jvm.dll+0x258859]
V  [jvm.dll+0x256e3a]
V  [jvm.dll+0x3ef6c6]
V  [jvm.dll+0x7ff568]
V  [jvm.dll+0x6c953d]
C  [ucrtbase.dll+0x29363]
C  [KERNEL32.DLL+0x1257d]
C  [ntdll.dll+0x5aa58]


---------------  P R O C E S S  ---------------

Threads class SMR info:
_java_thread_list=0x000002b61978fa30, length=25, elements={
0x000002b5b302e550, 0x000002b5d1a3fdb0, 0x000002b5d1a40cd0, 0x000002b5d1a47770,
0x000002b5d1a481d0, 0x000002b5d1a50c40, 0x000002b5d1a51cb0, 0x000002b5d1a52dc0,
0x000002b5d1a5e6f0, 0x000002b5d1a11780, 0x000002b5d1d73290, 0x000002b6174bd8b0,
0x000002b61763beb0, 0x000002b617e66620, 0x000002b617d6b4c0, 0x000002b6174958c0,
0x000002b6177f6b40, 0x000002b618961d20, 0x000002b618961000, 0x000002b618963df0,
0x000002b6189ba3c0, 0x000002b6189baa90, 0x000002b618961690, 0x000002b6189630d0,
0x000002b618963760
}

Java Threads: ( => current thread )
  0x000002b5b302e550 JavaThread "main"                              [_thread_in_vm, id=10176, stack(0x000000f77d000000,0x000000f77d100000) (1024K)]
  0x000002b5d1a3fdb0 JavaThread "Reference Handler"          daemon [_thread_blocked, id=14856, stack(0x000000f77d800000,0x000000f77d900000) (1024K)]
  0x000002b5d1a40cd0 JavaThread "Finalizer"                  daemon [_thread_blocked, id=14044, stack(0x000000f77d900000,0x000000f77da00000) (1024K)]
  0x000002b5d1a47770 JavaThread "Signal Dispatcher"          daemon [_thread_blocked, id=5340, stack(0x000000f77da00000,0x000000f77db00000) (1024K)]
  0x000002b5d1a481d0 JavaThread "Attach Listener"            daemon [_thread_blocked, id=14864, stack(0x000000f77db00000,0x000000f77dc00000) (1024K)]
  0x000002b5d1a50c40 JavaThread "Service Thread"             daemon [_thread_blocked, id=13476, stack(0x000000f77dc00000,0x000000f77dd00000) (1024K)]
  0x000002b5d1a51cb0 JavaThread "Monitor Deflation Thread"   daemon [_thread_blocked, id=18584, stack(0x000000f77dd00000,0x000000f77de00000) (1024K)]
  0x000002b5d1a52dc0 JavaThread "C2 CompilerThread0"         daemon [_thread_in_native, id=17888, stack(0x000000f77de00000,0x000000f77df00000) (1024K)]
  0x000002b5d1a5e6f0 JavaThread "C1 CompilerThread0"         daemon [_thread_blocked, id=7296, stack(0x000000f77df00000,0x000000f77e000000) (1024K)]
  0x000002b5d1a11780 JavaThread "Common-Cleaner"             daemon [_thread_blocked, id=3120, stack(0x000000f77e000000,0x000000f77e100000) (1024K)]
  0x000002b5d1d73290 JavaThread "Notification Thread"        daemon [_thread_blocked, id=1308, stack(0x000000f77e100000,0x000000f77e200000) (1024K)]
  0x000002b6174bd8b0 JavaThread "RMI TCP Accept-0"           daemon [_thread_in_native, id=18000, stack(0x000000f77e400000,0x000000f77e500000) (1024K)]
  0x000002b61763beb0 JavaThread "RMI TCP Accept-0"           daemon [_thread_in_native, id=20664, stack(0x000000f77e500000,0x000000f77e600000) (1024K)]
  0x000002b617e66620 JavaThread "RMI TCP Accept-49388"       daemon [_thread_in_native, id=20396, stack(0x000000f77e700000,0x000000f77e800000) (1024K)]
  0x000002b617d6b4c0 JavaThread "RMI TCP Connection(1)-127.0.0.1" daemon [_thread_in_native, id=19592, stack(0x000000f77e600000,0x000000f77e700000) (1024K)]
  0x000002b6174958c0 JavaThread "RMI Scheduler(0)"           daemon [_thread_blocked, id=14504, stack(0x000000f77e800000,0x000000f77e900000) (1024K)]
  0x000002b6177f6b40 JavaThread "JMX server connection timeout 27" daemon [_thread_blocked, id=21760, stack(0x000000f77e900000,0x000000f77ea00000) (1024K)]
  0x000002b618961d20 JavaThread "RMI TCP Connection(2)-127.0.0.1" daemon [_thread_in_native, id=21616, stack(0x000000f77e300000,0x000000f77e400000) (1024K)]
  0x000002b618961000 JavaThread "mysql-cj-abandoned-connection-cleanup" daemon [_thread_blocked, id=23332, stack(0x000000f77f200000,0x000000f77f300000) (1024K)]
  0x000002b618963df0 JavaThread "HikariPool-1 housekeeper"   daemon [_thread_blocked, id=14596, stack(0x000000f77f400000,0x000000f77f500000) (1024K)]
  0x000002b6189ba3c0 JavaThread "C2 CompilerThread1"         daemon [_thread_in_native, id=8940, stack(0x000000f77e200000,0x000000f77e300000) (1024K)]
=>0x000002b6189baa90 JavaThread "C2 CompilerThread2"         daemon [_thread_in_native, id=11888, stack(0x000000f77f500000,0x000000f77f600000) (1024K)]
  0x000002b618961690 JavaThread "Catalina-utility-1"                [_thread_blocked, id=23444, stack(0x000000f77f800000,0x000000f77f900000) (1024K)]
  0x000002b6189630d0 JavaThread "Catalina-utility-2"                [_thread_blocked, id=6748, stack(0x000000f77f900000,0x000000f77fa00000) (1024K)]
  0x000002b618963760 JavaThread "container-0"                       [_thread_blocked, id=4612, stack(0x000000f77fa00000,0x000000f77fb00000) (1024K)]
Total: 25

Other Threads:
  0x000002b5d1a225b0 VMThread "VM Thread"                           [id=16264, stack(0x000000f77d700000,0x000000f77d800000) (1024K)]
  0x000002b5d1a0f4a0 WatcherThread "VM Periodic Task Thread"        [id=22656, stack(0x000000f77d600000,0x000000f77d700000) (1024K)]
  0x000002b5b31a2b20 WorkerThread "GC Thread#0"                     [id=16172, stack(0x000000f77d100000,0x000000f77d200000) (1024K)]
  0x000002b617b92120 WorkerThread "GC Thread#1"                     [id=23100, stack(0x000000f77ea00000,0x000000f77eb00000) (1024K)]
  0x000002b617b924c0 WorkerThread "GC Thread#2"                     [id=11304, stack(0x000000f77eb00000,0x000000f77ec00000) (1024K)]
  0x000002b6177841f0 WorkerThread "GC Thread#3"                     [id=14568, stack(0x000000f77ec00000,0x000000f77ed00000) (1024K)]
  0x000002b617784590 WorkerThread "GC Thread#4"                     [id=1076, stack(0x000000f77ed00000,0x000000f77ee00000) (1024K)]
  0x000002b617786940 WorkerThread "GC Thread#5"                     [id=21772, stack(0x000000f77ee00000,0x000000f77ef00000) (1024K)]
  0x000002b617786ce0 WorkerThread "GC Thread#6"                     [id=8184, stack(0x000000f77ef00000,0x000000f77f000000) (1024K)]
  0x000002b617787080 WorkerThread "GC Thread#7"                     [id=1924, stack(0x000000f77f000000,0x000000f77f100000) (1024K)]
  0x000002b5b31b3880 ConcurrentGCThread "G1 Main Marker"            [id=13256, stack(0x000000f77d200000,0x000000f77d300000) (1024K)]
  0x000002b5b31b4380 WorkerThread "G1 Conc#0"                       [id=18300, stack(0x000000f77d300000,0x000000f77d400000) (1024K)]
  0x000002b617c0ddf0 WorkerThread "G1 Conc#1"                       [id=15052, stack(0x000000f77f300000,0x000000f77f400000) (1024K)]
  0x000002b5d18cc5a0 ConcurrentGCThread "G1 Refine#0"               [id=22064, stack(0x000000f77d400000,0x000000f77d500000) (1024K)]
  0x000002b5d18cec70 ConcurrentGCThread "G1 Service"                [id=20720, stack(0x000000f77d500000,0x000000f77d600000) (1024K)]
Total: 15

Threads with active compile tasks:
C2 CompilerThread0    32740 7896       4       org.springframework.aop.aspectj.AspectJExpressionPointcut::matches (74 bytes)
C2 CompilerThread1    32740 7887       4       org.springframework.aop.support.AopUtils::canApply (210 bytes)
C2 CompilerThread2    32740 7897   !   4       org.springframework.aop.aspectj.AspectJExpressionPointcut::getTargetShadowMatch (98 bytes)
Total: 3

VM state: not at safepoint (normal execution)

VM Mutex/Monitor currently owned by a thread: None

Heap address: 0x0000000081400000, size: 2028 MB, Compressed Oops mode: 32-bit

CDS archive(s) mapped at: [0x000002b5d2000000-0x000002b5d2c90000-0x000002b5d2c90000), size 13172736, SharedBaseAddress: 0x000002b5d2000000, ArchiveRelocationMode: 1.
Compressed class space mapped at: 0x000002b5d3000000-0x000002b613000000, reserved size: 1073741824
Narrow klass base: 0x000002b5d2000000, Narrow klass shift: 0, Narrow klass range: 0x100000000

GC Precious Log:
 CardTable entry size: 512
 Card Set container configuration: InlinePtr #cards 5 size 8 Array Of Cards #cards 12 size 40 Howl #buckets 4 coarsen threshold 1843 Howl Bitmap #cards 512 size 80 coarsen threshold 460 Card regions per heap region 1 cards per card region 2048
 CPUs: 8 total, 8 available
 Memory: 8108M
 Large Page Support: Disabled
 NUMA Support: Disabled
 Compressed Oops: Enabled (32-bit)
 Heap Region Size: 1M
 Heap Min Capacity: 8M
 Heap Initial Capacity: 128M
 Heap Max Capacity: 2028M
 Pre-touch: Disabled
 Parallel Workers: 8
 Concurrent Workers: 2
 Concurrent Refinement Workers: 8
 Periodic GC: Disabled

Heap:
 garbage-first heap   total 84992K, used 38533K [0x0000000081400000, 0x0000000100000000)
  region size 1024K, 5 young (5120K), 3 survivors (3072K)
 Metaspace       used 74846K, committed 75584K, reserved 1114112K
  class space    used 10262K, committed 10560K, reserved 1048576K

Heap Regions: E=young(eden), S=young(survivor), O=old, HS=humongous(starts), HC=humongous(continues), CS=collection set, F=free, TAMS=top-at-mark-start, PB=parsable bottom
|   0|0x0000000081400000, 0x0000000081500000, 0x0000000081500000|100%|HS|  |TAMS 0x0000000081400000| PB 0x0000000081400000| Complete 
|   1|0x0000000081500000, 0x0000000081600000, 0x0000000081600000|100%| O|  |TAMS 0x0000000081500000| PB 0x0000000081500000| Untracked 
|   2|0x0000000081600000, 0x0000000081700000, 0x0000000081700000|100%| O|  |TAMS 0x0000000081600000| PB 0x0000000081600000| Untracked 
|   3|0x0000000081700000, 0x0000000081800000, 0x0000000081800000|100%| O|  |TAMS 0x0000000081700000| PB 0x0000000081700000| Untracked 
|   4|0x0000000081800000, 0x0000000081900000, 0x0000000081900000|100%| O|  |TAMS 0x0000000081800000| PB 0x0000000081800000| Untracked 
|   5|0x0000000081900000, 0x0000000081a00000, 0x0000000081a00000|100%| O|  |TAMS 0x0000000081900000| PB 0x0000000081900000| Untracked 
|   6|0x0000000081a00000, 0x0000000081b00000, 0x0000000081b00000|100%| O|  |TAMS 0x0000000081a00000| PB 0x0000000081a00000| Untracked 
|   7|0x0000000081b00000, 0x0000000081c00000, 0x0000000081c00000|100%| O|  |TAMS 0x0000000081b00000| PB 0x0000000081b00000| Untracked 
|   8|0x0000000081c00000, 0x0000000081d00000, 0x0000000081d00000|100%| O|  |TAMS 0x0000000081c00000| PB 0x0000000081c00000| Untracked 
|   9|0x0000000081d00000, 0x0000000081e00000, 0x0000000081e00000|100%| O|  |TAMS 0x0000000081d00000| PB 0x0000000081d00000| Untracked 
|  10|0x0000000081e00000, 0x0000000081f00000, 0x0000000081f00000|100%| O|  |TAMS 0x0000000081e00000| PB 0x0000000081e00000| Untracked 
|  11|0x0000000081f00000, 0x0000000082000000, 0x0000000082000000|100%| O|  |TAMS 0x0000000081f00000| PB 0x0000000081f00000| Untracked 
|  12|0x0000000082000000, 0x0000000082000000, 0x0000000082100000|  0%| F|  |TAMS 0x0000000082000000| PB 0x0000000082000000| Untracked 
|  13|0x0000000082100000, 0x0000000082200000, 0x0000000082200000|100%| O|  |TAMS 0x0000000082100000| PB 0x0000000082100000| Untracked 
|  14|0x0000000082200000, 0x0000000082300000, 0x0000000082300000|100%| O|  |TAMS 0x0000000082200000| PB 0x0000000082200000| Untracked 
|  15|0x0000000082300000, 0x0000000082400000, 0x0000000082400000|100%| O|  |TAMS 0x0000000082300000| PB 0x0000000082300000| Untracked 
|  16|0x0000000082400000, 0x0000000082500000, 0x0000000082500000|100%| O|  |TAMS 0x0000000082400000| PB 0x0000000082400000| Untracked 
|  17|0x0000000082500000, 0x0000000082600000, 0x0000000082600000|100%| O|  |TAMS 0x0000000082500000| PB 0x0000000082500000| Untracked 
|  18|0x0000000082600000, 0x0000000082700000, 0x0000000082700000|100%| O|  |TAMS 0x0000000082600000| PB 0x0000000082600000| Untracked 
|  19|0x0000000082700000, 0x0000000082800000, 0x0000000082800000|100%| O|  |TAMS 0x0000000082700000| PB 0x0000000082700000| Untracked 
|  20|0x0000000082800000, 0x0000000082900000, 0x0000000082900000|100%| O|  |TAMS 0x0000000082800000| PB 0x0000000082800000| Untracked 
|  21|0x0000000082900000, 0x0000000082a00000, 0x0000000082a00000|100%| O|  |TAMS 0x0000000082900000| PB 0x0000000082900000| Untracked 
|  22|0x0000000082a00000, 0x0000000082b00000, 0x0000000082b00000|100%| O|  |TAMS 0x0000000082a00000| PB 0x0000000082a00000| Untracked 
|  23|0x0000000082b00000, 0x0000000082c00000, 0x0000000082c00000|100%| O|  |TAMS 0x0000000082b00000| PB 0x0000000082b00000| Untracked 
|  24|0x0000000082c00000, 0x0000000082d00000, 0x0000000082d00000|100%| O|  |TAMS 0x0000000082c00000| PB 0x0000000082c00000| Untracked 
|  25|0x0000000082d00000, 0x0000000082e00000, 0x0000000082e00000|100%| O|  |TAMS 0x0000000082d00000| PB 0x0000000082d00000| Untracked 
|  26|0x0000000082e00000, 0x0000000082f00000, 0x0000000082f00000|100%| O|  |TAMS 0x0000000082e00000| PB 0x0000000082e00000| Untracked 
|  27|0x0000000082f00000, 0x0000000083000000, 0x0000000083000000|100%| O|  |TAMS 0x0000000082f00000| PB 0x0000000082f00000| Untracked 
|  28|0x0000000083000000, 0x0000000083100000, 0x0000000083100000|100%| O|  |TAMS 0x0000000083000000| PB 0x0000000083000000| Untracked 
|  29|0x0000000083100000, 0x0000000083200000, 0x0000000083200000|100%| O|  |TAMS 0x0000000083100000| PB 0x0000000083100000| Untracked 
|  30|0x0000000083200000, 0x0000000083300000, 0x0000000083300000|100%| O|  |TAMS 0x0000000083200000| PB 0x0000000083200000| Untracked 
|  31|0x0000000083300000, 0x0000000083400000, 0x0000000083400000|100%| O|  |TAMS 0x0000000083300000| PB 0x0000000083300000| Untracked 
|  32|0x0000000083400000, 0x0000000083500000, 0x0000000083500000|100%| O|  |TAMS 0x0000000083400000| PB 0x0000000083400000| Untracked 
|  33|0x0000000083500000, 0x0000000083500000, 0x0000000083600000|  0%| F|  |TAMS 0x0000000083500000| PB 0x0000000083500000| Untracked 
|  34|0x0000000083600000, 0x0000000083700000, 0x0000000083700000|100%| O|  |TAMS 0x0000000083600000| PB 0x0000000083600000| Untracked 
|  35|0x0000000083700000, 0x0000000083800000, 0x0000000083800000|100%| O|  |TAMS 0x0000000083700000| PB 0x0000000083700000| Untracked 
|  36|0x0000000083800000, 0x000000008384ac90, 0x0000000083900000| 29%| O|  |TAMS 0x0000000083800000| PB 0x0000000083800000| Untracked 
|  37|0x0000000083900000, 0x0000000083900000, 0x0000000083a00000|  0%| F|  |TAMS 0x0000000083900000| PB 0x0000000083900000| Untracked 
|  38|0x0000000083a00000, 0x0000000083a00000, 0x0000000083b00000|  0%| F|  |TAMS 0x0000000083a00000| PB 0x0000000083a00000| Untracked 
|  39|0x0000000083b00000, 0x0000000083b00000, 0x0000000083c00000|  0%| F|  |TAMS 0x0000000083b00000| PB 0x0000000083b00000| Untracked 
|  40|0x0000000083c00000, 0x0000000083c00000, 0x0000000083d00000|  0%| F|  |TAMS 0x0000000083c00000| PB 0x0000000083c00000| Untracked 
|  41|0x0000000083d00000, 0x0000000083d00000, 0x0000000083e00000|  0%| F|  |TAMS 0x0000000083d00000| PB 0x0000000083d00000| Untracked 
|  42|0x0000000083e00000, 0x0000000083e56a00, 0x0000000083f00000| 33%| S|CS|TAMS 0x0000000083e00000| PB 0x0000000083e00000| Complete 
|  43|0x0000000083f00000, 0x0000000083f00000, 0x0000000084000000|  0%| F|  |TAMS 0x0000000083f00000| PB 0x0000000083f00000| Untracked 
|  44|0x0000000084000000, 0x0000000084000000, 0x0000000084100000|  0%| F|  |TAMS 0x0000000084000000| PB 0x0000000084000000| Untracked 
|  45|0x0000000084100000, 0x0000000084200000, 0x0000000084200000|100%| S|CS|TAMS 0x0000000084100000| PB 0x0000000084100000| Complete 
|  46|0x0000000084200000, 0x0000000084300000, 0x0000000084300000|100%| S|CS|TAMS 0x0000000084200000| PB 0x0000000084200000| Complete 
|  47|0x0000000084300000, 0x0000000084300000, 0x0000000084400000|  0%| F|  |TAMS 0x0000000084300000| PB 0x0000000084300000| Untracked 
|  48|0x0000000084400000, 0x0000000084400000, 0x0000000084500000|  0%| F|  |TAMS 0x0000000084400000| PB 0x0000000084400000| Untracked 
|  49|0x0000000084500000, 0x0000000084500000, 0x0000000084600000|  0%| F|  |TAMS 0x0000000084500000| PB 0x0000000084500000| Untracked 
|  50|0x0000000084600000, 0x0000000084600000, 0x0000000084700000|  0%| F|  |TAMS 0x0000000084600000| PB 0x0000000084600000| Untracked 
|  51|0x0000000084700000, 0x0000000084700000, 0x0000000084800000|  0%| F|  |TAMS 0x0000000084700000| PB 0x0000000084700000| Untracked 
|  52|0x0000000084800000, 0x0000000084800000, 0x0000000084900000|  0%| F|  |TAMS 0x0000000084800000| PB 0x0000000084800000| Untracked 
|  53|0x0000000084900000, 0x0000000084900000, 0x0000000084a00000|  0%| F|  |TAMS 0x0000000084900000| PB 0x0000000084900000| Untracked 
|  54|0x0000000084a00000, 0x0000000084a00000, 0x0000000084b00000|  0%| F|  |TAMS 0x0000000084a00000| PB 0x0000000084a00000| Untracked 
|  55|0x0000000084b00000, 0x0000000084b00000, 0x0000000084c00000|  0%| F|  |TAMS 0x0000000084b00000| PB 0x0000000084b00000| Untracked 
|  56|0x0000000084c00000, 0x0000000084c00000, 0x0000000084d00000|  0%| F|  |TAMS 0x0000000084c00000| PB 0x0000000084c00000| Untracked 
|  57|0x0000000084d00000, 0x0000000084d00000, 0x0000000084e00000|  0%| F|  |TAMS 0x0000000084d00000| PB 0x0000000084d00000| Untracked 
|  58|0x0000000084e00000, 0x0000000084e00000, 0x0000000084f00000|  0%| F|  |TAMS 0x0000000084e00000| PB 0x0000000084e00000| Untracked 
|  59|0x0000000084f00000, 0x0000000084f00000, 0x0000000085000000|  0%| F|  |TAMS 0x0000000084f00000| PB 0x0000000084f00000| Untracked 
|  60|0x0000000085000000, 0x0000000085000000, 0x0000000085100000|  0%| F|  |TAMS 0x0000000085000000| PB 0x0000000085000000| Untracked 
|  61|0x0000000085100000, 0x0000000085100000, 0x0000000085200000|  0%| F|  |TAMS 0x0000000085100000| PB 0x0000000085100000| Untracked 
|  62|0x0000000085200000, 0x0000000085200000, 0x0000000085300000|  0%| F|  |TAMS 0x0000000085200000| PB 0x0000000085200000| Untracked 
|  63|0x0000000085300000, 0x0000000085300000, 0x0000000085400000|  0%| F|  |TAMS 0x0000000085300000| PB 0x0000000085300000| Untracked 
|  64|0x0000000085400000, 0x0000000085400000, 0x0000000085500000|  0%| F|  |TAMS 0x0000000085400000| PB 0x0000000085400000| Untracked 
|  65|0x0000000085500000, 0x0000000085500000, 0x0000000085600000|  0%| F|  |TAMS 0x0000000085500000| PB 0x0000000085500000| Untracked 
|  66|0x0000000085600000, 0x0000000085600000, 0x0000000085700000|  0%| F|  |TAMS 0x0000000085600000| PB 0x0000000085600000| Untracked 
|  67|0x0000000085700000, 0x0000000085700000, 0x0000000085800000|  0%| F|  |TAMS 0x0000000085700000| PB 0x0000000085700000| Untracked 
|  68|0x0000000085800000, 0x0000000085800000, 0x0000000085900000|  0%| F|  |TAMS 0x0000000085800000| PB 0x0000000085800000| Untracked 
|  69|0x0000000085900000, 0x0000000085900000, 0x0000000085a00000|  0%| F|  |TAMS 0x0000000085900000| PB 0x0000000085900000| Untracked 
|  70|0x0000000085a00000, 0x0000000085a00000, 0x0000000085b00000|  0%| F|  |TAMS 0x0000000085a00000| PB 0x0000000085a00000| Untracked 
|  71|0x0000000085b00000, 0x0000000085b00000, 0x0000000085c00000|  0%| F|  |TAMS 0x0000000085b00000| PB 0x0000000085b00000| Untracked 
|  72|0x0000000085c00000, 0x0000000085c00000, 0x0000000085d00000|  0%| F|  |TAMS 0x0000000085c00000| PB 0x0000000085c00000| Untracked 
|  73|0x0000000085d00000, 0x0000000085d00000, 0x0000000085e00000|  0%| F|  |TAMS 0x0000000085d00000| PB 0x0000000085d00000| Untracked 
|  74|0x0000000085e00000, 0x0000000085e00000, 0x0000000085f00000|  0%| F|  |TAMS 0x0000000085e00000| PB 0x0000000085e00000| Untracked 
|  79|0x0000000086300000, 0x0000000086300000, 0x0000000086400000|  0%| F|  |TAMS 0x0000000086300000| PB 0x0000000086300000| Untracked 
|  80|0x0000000086400000, 0x0000000086400000, 0x0000000086500000|  0%| F|  |TAMS 0x0000000086400000| PB 0x0000000086400000| Untracked 
|  81|0x0000000086500000, 0x0000000086500000, 0x0000000086600000|  0%| F|  |TAMS 0x0000000086500000| PB 0x0000000086500000| Untracked 
|  82|0x0000000086600000, 0x0000000086600000, 0x0000000086700000|  0%| F|  |TAMS 0x0000000086600000| PB 0x0000000086600000| Untracked 
|  83|0x0000000086700000, 0x0000000086700000, 0x0000000086800000|  0%| F|  |TAMS 0x0000000086700000| PB 0x0000000086700000| Untracked 
|  84|0x0000000086800000, 0x0000000086800000, 0x0000000086900000|  0%| F|  |TAMS 0x0000000086800000| PB 0x0000000086800000| Untracked 
| 126|0x0000000089200000, 0x0000000089300000, 0x0000000089300000|100%| E|  |TAMS 0x0000000089200000| PB 0x0000000089200000| Complete 
| 127|0x0000000089300000, 0x0000000089400000, 0x0000000089400000|100%| E|CS|TAMS 0x0000000089300000| PB 0x0000000089300000| Complete 

Card table byte_map: [0x000002b5ccba0000,0x000002b5ccfa0000] _byte_map_base: 0x000002b5cc796000

Marking Bits: (CMBitMap*) 0x000002b5b31a3220
 Bits: [0x000002b5ccfa0000, 0x000002b5cef50000)

Polling page: 0x000002b5b2fc0000

Metaspace:

Usage:
  Non-class:     63.07 MB used.
      Class:     10.02 MB used.
       Both:     73.09 MB used.

Virtual space:
  Non-class space:       64.00 MB reserved,      63.50 MB (>99%) committed,  1 nodes.
      Class space:        1.00 GB reserved,      10.31 MB (  1%) committed,  1 nodes.
             Both:        1.06 GB reserved,      73.81 MB (  7%) committed. 

Chunk freelists:
   Non-Class:  416.00 KB
       Class:  5.62 MB
        Both:  6.03 MB

MaxMetaspaceSize: unlimited
CompressedClassSpaceSize: 1.00 GB
Initial GC threshold: 21.00 MB
Current GC threshold: 119.69 MB
CDS: on
 - commit_granule_bytes: 65536.
 - commit_granule_words: 8192.
 - virtual_space_node_default_size: 8388608.
 - enlarge_chunks_in_place: 1.
 - use_allocation_guard: 0.


Internal statistics:

num_allocs_failed_limit: 11.
num_arena_births: 1080.
num_arena_deaths: 18.
num_vsnodes_births: 2.
num_vsnodes_deaths: 0.
num_space_committed: 1181.
num_space_uncommitted: 0.
num_chunks_returned_to_freelist: 38.
num_chunks_taken_from_freelist: 3809.
num_chunk_merges: 10.
num_chunk_splits: 2683.
num_chunks_enlarged: 2044.
num_inconsistent_stats: 0.

CodeHeap 'non-profiled nmethods': size=120000Kb used=5077Kb max_used=5077Kb free=114922Kb
 bounds [0x000002b5c4810000, 0x000002b5c4d10000, 0x000002b5cbd40000]
CodeHeap 'profiled nmethods': size=120000Kb used=12981Kb max_used=13051Kb free=107018Kb
 bounds [0x000002b5bcd40000, 0x000002b5bda30000, 0x000002b5c4270000]
CodeHeap 'non-nmethods': size=5760Kb used=1702Kb max_used=1771Kb free=4057Kb
 bounds [0x000002b5c4270000, 0x000002b5c44e0000, 0x000002b5c4810000]
 total_blobs=7605 nmethods=6871 adapters=637
 compilation: enabled
              stopped_count=0, restarted_count=0
 full_count=0

Compilation events (20 events):
Event: 32.481 Thread 0x000002b5d1a5e6f0 7987       3       javax.management.ObjectName::writeObject (117 bytes)
Event: 32.483 Thread 0x000002b5d1a5e6f0 nmethod 7987 0x000002b5bd416490 code [0x000002b5bd4167c0, 0x000002b5bd417438]
Event: 32.489 Thread 0x000002b5d1a5e6f0 7989       3       org.springframework.beans.factory.support.AbstractBeanFactory::evaluateBeanDefinitionString (55 bytes)
Event: 32.491 Thread 0x000002b5d1a5e6f0 nmethod 7989 0x000002b5bce6d710 code [0x000002b5bce6d940, 0x000002b5bce6e340]
Event: 32.491 Thread 0x000002b5d1a5e6f0 7990       3       org.springframework.expression.common.LiteralExpression::getValue (6 bytes)
Event: 32.491 Thread 0x000002b5d1a5e6f0 nmethod 7990 0x000002b5bd148c10 code [0x000002b5bd148dc0, 0x000002b5bd148f40]
Event: 32.492 Thread 0x000002b5d1a5e6f0 7991       3       org.springframework.expression.common.LiteralExpression::getValue (5 bytes)
Event: 32.492 Thread 0x000002b5d1a5e6f0 nmethod 7991 0x000002b5bd06b910 code [0x000002b5bd06baa0, 0x000002b5bd06bbb0]
Event: 32.493 Thread 0x000002b5d1a5e6f0 7992       3       java.util.stream.Streams$AbstractStreamBuilderImpl::estimateSize (9 bytes)
Event: 32.493 Thread 0x000002b5d1a5e6f0 nmethod 7992 0x000002b5bd609c10 code [0x000002b5bd609da0, 0x000002b5bd609eb8]
Event: 32.493 Thread 0x000002b5d1a5e6f0 7993       3       org.springframework.data.util.ReactiveWrappers$$Lambda/0x000002b5d33c6500::apply (8 bytes)
Event: 32.495 Thread 0x000002b5d1a5e6f0 nmethod 7993 0x000002b5bd6c4510 code [0x000002b5bd6c4780, 0x000002b5bd6c51e0]
Event: 32.495 Thread 0x000002b5d1a5e6f0 7994       3       org.springframework.data.util.ReflectionUtils::returnTypeAndParameters (28 bytes)
Event: 32.497 Thread 0x000002b5d1a5e6f0 nmethod 7994 0x000002b5bcf9e290 code [0x000002b5bcf9e500, 0x000002b5bcf9edf0]
Event: 32.500 Thread 0x000002b5d1a5e6f0 7995       3       org.springframework.core.annotation.TypeMappedAnnotations$MergedAnnotationFinder::doWithAnnotations (75 bytes)
Event: 32.501 Thread 0x000002b5d1a5e6f0 nmethod 7995 0x000002b5bd415b90 code [0x000002b5bd415d60, 0x000002b5bd416158]
Event: 32.547 Thread 0x000002b5d1a5e6f0 7996       3       java.util.stream.MatchOps$$Lambda/0x000002b5d314ffe0::get (12 bytes)
Event: 32.547 Thread 0x000002b5d1a5e6f0 nmethod 7996 0x000002b5bd112d90 code [0x000002b5bd112f60, 0x000002b5bd113368]
Event: 32.578 Thread 0x000002b5d1a5e6f0 7998       3       org.springframework.data.util.Streamable$$Lambda/0x000002b5d33bccc0::iterator (10 bytes)
Event: 32.579 Thread 0x000002b5d1a5e6f0 nmethod 7998 0x000002b5bd84d110 code [0x000002b5bd84d2c0, 0x000002b5bd84d498]

GC Heap History (20 events):
Event: 16.145 GC heap before
{Heap before GC invocations=11 (full 0):
 garbage-first heap   total 70656K, used 60695K [0x0000000081400000, 0x0000000100000000)
  region size 1024K, 38 young (38912K), 3 survivors (3072K)
 Metaspace       used 41630K, committed 42240K, reserved 1114112K
  class space    used 5328K, committed 5632K, reserved 1048576K
}
Event: 16.179 GC heap after
{Heap after GC invocations=12 (full 0):
 garbage-first heap   total 70656K, used 26306K [0x0000000081400000, 0x0000000100000000)
  region size 1024K, 4 young (4096K), 4 survivors (4096K)
 Metaspace       used 41630K, committed 42240K, reserved 1114112K
  class space    used 5328K, committed 5632K, reserved 1048576K
}
Event: 19.267 GC heap before
{Heap before GC invocations=12 (full 0):
 garbage-first heap   total 70656K, used 61122K [0x0000000081400000, 0x0000000100000000)
  region size 1024K, 39 young (39936K), 4 survivors (4096K)
 Metaspace       used 50047K, committed 50688K, reserved 1114112K
  class space    used 6485K, committed 6784K, reserved 1048576K
}
Event: 19.298 GC heap after
{Heap after GC invocations=13 (full 0):
 garbage-first heap   total 70656K, used 29316K [0x0000000081400000, 0x0000000100000000)
  region size 1024K, 5 young (5120K), 5 survivors (5120K)
 Metaspace       used 50047K, committed 50688K, reserved 1114112K
  class space    used 6485K, committed 6784K, reserved 1048576K
}
Event: 21.467 GC heap before
{Heap before GC invocations=13 (full 0):
 garbage-first heap   total 70656K, used 60036K [0x0000000081400000, 0x0000000100000000)
  region size 1024K, 36 young (36864K), 5 survivors (5120K)
 Metaspace       used 55827K, committed 56448K, reserved 1114112K
  class space    used 7234K, committed 7552K, reserved 1048576K
}
Event: 21.489 GC heap after
{Heap after GC invocations=14 (full 0):
 garbage-first heap   total 70656K, used 30786K [0x0000000081400000, 0x0000000100000000)
  region size 1024K, 2 young (2048K), 2 survivors (2048K)
 Metaspace       used 55827K, committed 56448K, reserved 1114112K
  class space    used 7234K, committed 7552K, reserved 1048576K
}
Event: 22.269 GC heap before
{Heap before GC invocations=14 (full 0):
 garbage-first heap   total 70656K, used 40002K [0x0000000081400000, 0x0000000100000000)
  region size 1024K, 13 young (13312K), 2 survivors (2048K)
 Metaspace       used 59762K, committed 60416K, reserved 1114112K
  class space    used 7888K, committed 8192K, reserved 1048576K
}
Event: 22.283 GC heap after
{Heap after GC invocations=15 (full 0):
 garbage-first heap   total 70656K, used 31118K [0x0000000081400000, 0x0000000100000000)
  region size 1024K, 2 young (2048K), 2 survivors (2048K)
 Metaspace       used 59762K, committed 60416K, reserved 1114112K
  class space    used 7888K, committed 8192K, reserved 1048576K
}
Event: 24.279 GC heap before
{Heap before GC invocations=16 (full 0):
 garbage-first heap   total 70656K, used 61838K [0x0000000081400000, 0x0000000100000000)
  region size 1024K, 33 young (33792K), 2 survivors (2048K)
 Metaspace       used 63792K, committed 64448K, reserved 1114112K
  class space    used 8576K, committed 8896K, reserved 1048576K
}
Event: 24.291 GC heap after
{Heap after GC invocations=17 (full 0):
 garbage-first heap   total 70656K, used 31855K [0x0000000081400000, 0x0000000100000000)
  region size 1024K, 3 young (3072K), 3 survivors (3072K)
 Metaspace       used 63792K, committed 64448K, reserved 1114112K
  class space    used 8576K, committed 8896K, reserved 1048576K
}
Event: 26.195 GC heap before
{Heap before GC invocations=17 (full 0):
 garbage-first heap   total 70656K, used 61551K [0x0000000081400000, 0x0000000100000000)
  region size 1024K, 33 young (33792K), 3 survivors (3072K)
 Metaspace       used 67106K, committed 67904K, reserved 1114112K
  class space    used 8946K, committed 9344K, reserved 1048576K
}
Event: 26.222 GC heap after
{Heap after GC invocations=18 (full 0):
 garbage-first heap   total 70656K, used 33040K [0x0000000081400000, 0x0000000100000000)
  region size 1024K, 4 young (4096K), 4 survivors (4096K)
 Metaspace       used 67106K, committed 67904K, reserved 1114112K
  class space    used 8946K, committed 9344K, reserved 1048576K
}
Event: 28.912 GC heap before
{Heap before GC invocations=18 (full 0):
 garbage-first heap   total 70656K, used 61712K [0x0000000081400000, 0x0000000100000000)
  region size 1024K, 32 young (32768K), 4 survivors (4096K)
 Metaspace       used 70840K, committed 71552K, reserved 1114112K
  class space    used 9585K, committed 9920K, reserved 1048576K
}
Event: 28.944 GC heap after
{Heap after GC invocations=19 (full 0):
 garbage-first heap   total 70656K, used 34949K [0x0000000081400000, 0x0000000100000000)
  region size 1024K, 4 young (4096K), 4 survivors (4096K)
 Metaspace       used 70840K, committed 71552K, reserved 1114112K
  class space    used 9585K, committed 9920K, reserved 1048576K
}
Event: 30.021 GC heap before
{Heap before GC invocations=19 (full 0):
 garbage-first heap   total 70656K, used 60549K [0x0000000081400000, 0x0000000100000000)
  region size 1024K, 30 young (30720K), 4 survivors (4096K)
 Metaspace       used 72647K, committed 73408K, reserved 1114112K
  class space    used 9931K, committed 10304K, reserved 1048576K
}
Event: 30.051 GC heap after
{Heap after GC invocations=20 (full 0):
 garbage-first heap   total 84992K, used 36509K [0x0000000081400000, 0x0000000100000000)
  region size 1024K, 4 young (4096K), 4 survivors (4096K)
 Metaspace       used 72647K, committed 73408K, reserved 1114112K
  class space    used 9931K, committed 10304K, reserved 1048576K
}
Event: 31.267 GC heap before
{Heap before GC invocations=21 (full 0):
 garbage-first heap   total 84992K, used 75421K [0x0000000081400000, 0x0000000100000000)
  region size 1024K, 42 young (43008K), 4 survivors (4096K)
 Metaspace       used 73626K, committed 74368K, reserved 1114112K
  class space    used 10099K, committed 10432K, reserved 1048576K
}
Event: 31.295 GC heap after
{Heap after GC invocations=22 (full 0):
 garbage-first heap   total 84992K, used 38476K [0x0000000081400000, 0x0000000100000000)
  region size 1024K, 4 young (4096K), 4 survivors (4096K)
 Metaspace       used 73626K, committed 74368K, reserved 1114112K
  class space    used 10099K, committed 10432K, reserved 1048576K
}
Event: 32.555 GC heap before
{Heap before GC invocations=22 (full 0):
 garbage-first heap   total 84992K, used 74316K [0x0000000081400000, 0x0000000100000000)
  region size 1024K, 40 young (40960K), 4 survivors (4096K)
 Metaspace       used 74820K, committed 75584K, reserved 1114112K
  class space    used 10260K, committed 10560K, reserved 1048576K
}
Event: 32.571 GC heap after
{Heap after GC invocations=23 (full 0):
 garbage-first heap   total 84992K, used 37509K [0x0000000081400000, 0x0000000100000000)
  region size 1024K, 3 young (3072K), 3 survivors (3072K)
 Metaspace       used 74820K, committed 75584K, reserved 1114112K
  class space    used 10260K, committed 10560K, reserved 1048576K
}

Dll operation events (11 events):
Event: 0.037 Loaded shared library C:\Program Files\Java\jdk-21\bin\java.dll
Event: 0.305 Loaded shared library C:\Program Files\Java\jdk-21\bin\jsvml.dll
Event: 0.859 Loaded shared library C:\Program Files\Java\jdk-21\bin\jimage.dll
Event: 0.886 Loaded shared library C:\Program Files\Java\jdk-21\bin\net.dll
Event: 0.892 Loaded shared library C:\Program Files\Java\jdk-21\bin\nio.dll
Event: 0.904 Loaded shared library C:\Program Files\Java\jdk-21\bin\zip.dll
Event: 1.433 Loaded shared library C:\Program Files\Java\jdk-21\bin\management.dll
Event: 1.496 Loaded shared library C:\Program Files\Java\jdk-21\bin\management_ext.dll
Event: 2.544 Loaded shared library C:\Program Files\Java\jdk-21\bin\extnet.dll
Event: 7.782 Loaded shared library C:\Program Files\Java\jdk-21\bin\sunmscapi.dll
Event: 16.964 Loaded shared library C:\Program Files\Java\jdk-21\bin\verify.dll

Deoptimization events (20 events):
Event: 32.313 Thread 0x000002b5b302e550 Uncommon trap: trap_request=0xffffffde fr.pc=0x000002b5c4abcb0c relative=0x000000000000050c
Event: 32.313 Thread 0x000002b5b302e550 Uncommon trap: reason=class_check action=maybe_recompile pc=0x000002b5c4abcb0c method=java.io.BufferedInputStream.read1([BII)I @ 52 c2
Event: 32.313 Thread 0x000002b5b302e550 DEOPT PACKING pc=0x000002b5c4abcb0c sp=0x000000f77d0fae90
Event: 32.313 Thread 0x000002b5b302e550 DEOPT UNPACKING pc=0x000002b5c42c46a2 sp=0x000000f77d0fae28 mode 2
Event: 32.314 Thread 0x000002b5b302e550 Uncommon trap: trap_request=0xffffffde fr.pc=0x000002b5c4abcb0c relative=0x000000000000050c
Event: 32.314 Thread 0x000002b5b302e550 Uncommon trap: reason=class_check action=maybe_recompile pc=0x000002b5c4abcb0c method=java.io.BufferedInputStream.read1([BII)I @ 52 c2
Event: 32.314 Thread 0x000002b5b302e550 DEOPT PACKING pc=0x000002b5c4abcb0c sp=0x000000f77d0fae20
Event: 32.314 Thread 0x000002b5b302e550 DEOPT UNPACKING pc=0x000002b5c42c46a2 sp=0x000000f77d0fadb8 mode 2
Event: 32.327 Thread 0x000002b5b302e550 Uncommon trap: trap_request=0xffffff45 fr.pc=0x000002b5c49c0b48 relative=0x0000000000000b28
Event: 32.327 Thread 0x000002b5b302e550 Uncommon trap: reason=unstable_if action=reinterpret pc=0x000002b5c49c0b48 method=sun.net.util.IPAddressUtil.scan(Ljava/lang/String;JJ[C)I @ 14 c2
Event: 32.327 Thread 0x000002b5b302e550 DEOPT PACKING pc=0x000002b5c49c0b48 sp=0x000000f77d0fb5d0
Event: 32.327 Thread 0x000002b5b302e550 DEOPT UNPACKING pc=0x000002b5c42c46a2 sp=0x000000f77d0fb3d8 mode 2
Event: 32.401 Thread 0x000002b5b302e550 Uncommon trap: trap_request=0xffffff45 fr.pc=0x000002b5c4b640d0 relative=0x0000000000005730
Event: 32.401 Thread 0x000002b5b302e550 Uncommon trap: reason=unstable_if action=reinterpret pc=0x000002b5c4b640d0 method=org.aspectj.apache.bcel.classfile.Attribute.readAttribute(Ljava/io/DataInputStream;Lorg/aspectj/apache/bcel/classfile/ConstantPool;)Lorg/aspectj/apache/bcel/classfile/Attrib
Event: 32.404 Thread 0x000002b5b302e550 DEOPT PACKING pc=0x000002b5c4b640d0 sp=0x000000f77d0fddb0
Event: 32.404 Thread 0x000002b5b302e550 DEOPT UNPACKING pc=0x000002b5c42c46a2 sp=0x000000f77d0fdd88 mode 2
Event: 32.430 Thread 0x000002b5b302e550 Uncommon trap: trap_request=0xffffff45 fr.pc=0x000002b5c4b43248 relative=0x0000000000000268
Event: 32.430 Thread 0x000002b5b302e550 Uncommon trap: reason=unstable_if action=reinterpret pc=0x000002b5c4b43248 method=org.springframework.core.annotation.TypeMappedAnnotations$MergedAnnotationFinder.doWithAnnotations(Ljava/lang/Object;ILjava/lang/Object;[Ljava/lang/annotation/Annotation;)Lo
Event: 32.430 Thread 0x000002b5b302e550 DEOPT PACKING pc=0x000002b5c4b43248 sp=0x000000f77d0fda50
Event: 32.430 Thread 0x000002b5b302e550 DEOPT UNPACKING pc=0x000002b5c42c46a2 sp=0x000000f77d0fda40 mode 2

Classes loaded (20 events):
Event: 32.318 Loading class sun/net/www/protocol/http/Handler
Event: 32.318 Loading class sun/net/www/protocol/http/Handler done
Event: 32.327 Loading class javax/crypto/JceSecurity$WeakIdentityWrapper
Event: 32.327 Loading class javax/crypto/JceSecurity$WeakIdentityWrapper done
Event: 32.328 Loading class javax/crypto/JceSecurity$2
Event: 32.328 Loading class javax/crypto/JceSecurity$2 done
Event: 32.328 Loading class javax/crypto/JceSecurity$3
Event: 32.328 Loading class javax/crypto/JceSecurity$3 done
Event: 32.328 Loading class java/security/AllPermissionCollection
Event: 32.328 Loading class java/security/AllPermissionCollection done
Event: 32.329 Loading class javax/crypto/ProviderVerifier
Event: 32.330 Loading class javax/crypto/ProviderVerifier done
Event: 32.330 Loading class javax/crypto/ProviderVerifier$1
Event: 32.330 Loading class javax/crypto/ProviderVerifier$1 done
Event: 32.332 Loading class com/sun/crypto/provider/PBKDF2Core$HmacSHA256
Event: 32.333 Loading class com/sun/crypto/provider/PBKDF2Core
Event: 32.333 Loading class javax/crypto/SecretKeyFactorySpi
Event: 32.334 Loading class javax/crypto/SecretKeyFactorySpi done
Event: 32.334 Loading class com/sun/crypto/provider/PBKDF2Core done
Event: 32.334 Loading class com/sun/crypto/provider/PBKDF2Core$HmacSHA256 done

Classes unloaded (9 events):
Event: 6.151 Thread 0x000002b5d1a225b0 Unloading class 0x000002b5d30c4800 'java/lang/invoke/LambdaForm$MH+0x000002b5d30c4800'
Event: 6.151 Thread 0x000002b5d1a225b0 Unloading class 0x000002b5d30c4000 'java/lang/invoke/LambdaForm$MH+0x000002b5d30c4000'
Event: 6.151 Thread 0x000002b5d1a225b0 Unloading class 0x000002b5d30c3800 'java/lang/invoke/LambdaForm$MH+0x000002b5d30c3800'
Event: 6.151 Thread 0x000002b5d1a225b0 Unloading class 0x000002b5d30c3400 'java/lang/invoke/LambdaForm$DMH+0x000002b5d30c3400'
Event: 6.151 Thread 0x000002b5d1a225b0 Unloading class 0x000002b5d30c2800 'jdk/internal/reflect/GeneratedSerializationConstructorAccessor6'
Event: 6.151 Thread 0x000002b5d1a225b0 Unloading class 0x000002b5d30c2400 'jdk/internal/reflect/GeneratedSerializationConstructorAccessor3'
Event: 6.151 Thread 0x000002b5d1a225b0 Unloading class 0x000002b5d30c1c00 'jdk/internal/reflect/GeneratedSerializationConstructorAccessor2'
Event: 6.151 Thread 0x000002b5d1a225b0 Unloading class 0x000002b5d30c1400 'java/lang/invoke/LambdaForm$MH+0x000002b5d30c1400'
Event: 6.151 Thread 0x000002b5d1a225b0 Unloading class 0x000002b5d30c0c00 'java/lang/invoke/LambdaForm$DMH+0x000002b5d30c0c00'

Classes redefined (0 events):
No events

Internal exceptions (20 events):
Event: 32.417 Thread 0x000002b618961d20 Exception <a 'java/lang/ClassNotFoundException'{0x000000008490e078}: org/springframework/context/support/LiveBeansView> (0x000000008490e078) 
thrown [s\open\src\hotspot\share\classfile\systemDictionary.cpp, line 312]
Event: 32.417 Thread 0x000002b618961d20 Exception <a 'java/lang/ClassNotFoundException'{0x000000008490e438}: org/springframework/context/support/LiveBeansView> (0x000000008490e438) 
thrown [s\open\src\hotspot\share\classfile\systemDictionary.cpp, line 312]
Event: 32.417 Thread 0x000002b618961d20 Exception <a 'java/lang/ClassNotFoundException'{0x000000008490e7f0}: org/springframework/context/support/LiveBeansView> (0x000000008490e7f0) 
thrown [s\open\src\hotspot\share\classfile\systemDictionary.cpp, line 312]
Event: 32.417 Thread 0x000002b618961d20 Exception <a 'java/lang/ClassNotFoundException'{0x000000008490eba0}: org/springframework/context/support/LiveBeansView> (0x000000008490eba0) 
thrown [s\open\src\hotspot\share\classfile\systemDictionary.cpp, line 312]
Event: 32.417 Thread 0x000002b618961d20 Exception <a 'java/lang/ClassNotFoundException'{0x000000008490ef68}: org/springframework/context/support/LiveBeansView> (0x000000008490ef68) 
thrown [s\open\src\hotspot\share\classfile\systemDictionary.cpp, line 312]
Event: 32.417 Thread 0x000002b618961d20 Exception <a 'java/lang/ClassNotFoundException'{0x000000008490f318}: org/springframework/context/support/LiveBeansView> (0x000000008490f318) 
thrown [s\open\src\hotspot\share\classfile\systemDictionary.cpp, line 312]
Event: 32.417 Thread 0x000002b618961d20 Exception <a 'java/lang/ClassNotFoundException'{0x000000008490f6e0}: org/springframework/context/support/LiveBeansView> (0x000000008490f6e0) 
thrown [s\open\src\hotspot\share\classfile\systemDictionary.cpp, line 312]
Event: 32.417 Thread 0x000002b618961d20 Exception <a 'java/lang/ClassNotFoundException'{0x000000008490faa0}: org/springframework/context/support/LiveBeansView> (0x000000008490faa0) 
thrown [s\open\src\hotspot\share\classfile\systemDictionary.cpp, line 312]
Event: 32.417 Thread 0x000002b618961d20 Exception <a 'java/lang/ClassNotFoundException'{0x000000008490fe58}: org/springframework/context/support/LiveBeansView> (0x000000008490fe58) 
thrown [s\open\src\hotspot\share\classfile\systemDictionary.cpp, line 312]
Event: 32.417 Thread 0x000002b618961d20 Exception <a 'java/lang/ClassNotFoundException'{0x0000000084910228}: org/springframework/context/support/LiveBeansView> (0x0000000084910228) 
thrown [s\open\src\hotspot\share\classfile\systemDictionary.cpp, line 312]
Event: 32.418 Thread 0x000002b618961d20 Exception <a 'java/lang/ClassNotFoundException'{0x00000000849105f0}: org/springframework/context/support/LiveBeansView> (0x00000000849105f0) 
thrown [s\open\src\hotspot\share\classfile\systemDictionary.cpp, line 312]
Event: 32.418 Thread 0x000002b618961d20 Exception <a 'java/lang/ClassNotFoundException'{0x00000000849109b8}: org/springframework/context/support/LiveBeansView> (0x00000000849109b8) 
thrown [s\open\src\hotspot\share\classfile\systemDictionary.cpp, line 312]
Event: 32.418 Thread 0x000002b618961d20 Exception <a 'java/lang/ClassNotFoundException'{0x0000000084910d80}: org/springframework/context/support/LiveBeansView> (0x0000000084910d80) 
thrown [s\open\src\hotspot\share\classfile\systemDictionary.cpp, line 312]
Event: 32.418 Thread 0x000002b618961d20 Exception <a 'java/lang/ClassNotFoundException'{0x0000000084911128}: org/springframework/context/support/LiveBeansView> (0x0000000084911128) 
thrown [s\open\src\hotspot\share\classfile\systemDictionary.cpp, line 312]
Event: 32.418 Thread 0x000002b618961d20 Exception <a 'java/lang/ClassNotFoundException'{0x00000000849114e8}: org/springframework/context/support/LiveBeansView> (0x00000000849114e8) 
thrown [s\open\src\hotspot\share\classfile\systemDictionary.cpp, line 312]
Event: 32.418 Thread 0x000002b618961d20 Exception <a 'java/lang/ClassNotFoundException'{0x0000000084911898}: org/springframework/context/support/LiveBeansView> (0x0000000084911898) 
thrown [s\open\src\hotspot\share\classfile\systemDictionary.cpp, line 312]
Event: 32.458 Thread 0x000002b618961d20 Exception <a 'java/lang/ClassNotFoundException'{0x00000000845cc7a0}: org/springframework/context/support/LiveBeansView> (0x00000000845cc7a0) 
thrown [s\open\src\hotspot\share\classfile\systemDictionary.cpp, line 312]
Event: 32.458 Thread 0x000002b618961d20 Exception <a 'java/lang/ClassNotFoundException'{0x00000000845ccb70}: org/springframework/context/support/LiveBeansView> (0x00000000845ccb70) 
thrown [s\open\src\hotspot\share\classfile\systemDictionary.cpp, line 312]
Event: 32.459 Thread 0x000002b618961d20 Exception <a 'java/lang/ClassNotFoundException'{0x00000000845ccf28}: org/springframework/context/support/LiveBeansView> (0x00000000845ccf28) 
thrown [s\open\src\hotspot\share\classfile\systemDictionary.cpp, line 312]
Event: 32.459 Thread 0x000002b618961d20 Exception <a 'java/lang/ClassNotFoundException'{0x00000000845cd2e0}: org/springframework/context/support/LiveBeansView> (0x00000000845cd2e0) 
thrown [s\open\src\hotspot\share\classfile\systemDictionary.cpp, line 312]

ZGC Phase Switch (0 events):
No events

VM Operations (20 events):
Event: 30.290 Executing VM operation: G1PauseCleanup
Event: 30.291 Executing VM operation: G1PauseCleanup done
Event: 30.388 Executing VM operation: HandshakeAllThreads (Deoptimize)
Event: 30.388 Executing VM operation: HandshakeAllThreads (Deoptimize) done
Event: 31.267 Executing VM operation: G1CollectForAllocation (G1 Evacuation Pause)
Event: 31.295 Executing VM operation: G1CollectForAllocation (G1 Evacuation Pause) done
Event: 31.798 Executing VM operation: HandshakeAllThreads (Deoptimize)
Event: 31.798 Executing VM operation: HandshakeAllThreads (Deoptimize) done
Event: 31.799 Executing VM operation: HandshakeAllThreads (Deoptimize)
Event: 31.799 Executing VM operation: HandshakeAllThreads (Deoptimize) done
Event: 31.930 Executing VM operation: HandshakeAllThreads (Deoptimize)
Event: 31.930 Executing VM operation: HandshakeAllThreads (Deoptimize) done
Event: 32.292 Executing VM operation: HandshakeAllThreads (Deoptimize)
Event: 32.292 Executing VM operation: HandshakeAllThreads (Deoptimize) done
Event: 32.325 Executing VM operation: HandshakeAllThreads (Deoptimize)
Event: 32.326 Executing VM operation: HandshakeAllThreads (Deoptimize) done
Event: 32.326 Executing VM operation: Cleanup
Event: 32.327 Executing VM operation: Cleanup done
Event: 32.555 Executing VM operation: G1CollectForAllocation (G1 Evacuation Pause)
Event: 32.571 Executing VM operation: G1CollectForAllocation (G1 Evacuation Pause) done

Events (20 events):
Event: 30.235 Thread 0x000002b5d1a225b0 flushing nmethod 0x000002b5c48fb310
Event: 30.235 Thread 0x000002b5d1a225b0 flushing nmethod 0x000002b5c48ebc90
Event: 30.235 Thread 0x000002b5d1a225b0 flushing nmethod 0x000002b5c48caa90
Event: 30.235 Thread 0x000002b5d1a225b0 flushing nmethod 0x000002b5c48cc690
Event: 30.235 Thread 0x000002b5d1a225b0 flushing nmethod 0x000002b5c4886290
Event: 30.235 Thread 0x000002b5d1a225b0 flushing nmethod 0x000002b5c4884290
Event: 30.235 Thread 0x000002b5d1a225b0 flushing nmethod 0x000002b5c4883890
Event: 30.235 Thread 0x000002b5d1a225b0 flushing nmethod 0x000002b5c488d690
Event: 30.235 Thread 0x000002b5d1a225b0 flushing nmethod 0x000002b5c487b910
Event: 30.235 Thread 0x000002b5d1a225b0 flushing nmethod 0x000002b5c4864010
Event: 30.235 Thread 0x000002b5d1a225b0 flushing nmethod 0x000002b5c4867590
Event: 30.235 Thread 0x000002b5d1a225b0 flushing nmethod 0x000002b5c4866810
Event: 30.235 Thread 0x000002b5d1a225b0 flushing nmethod 0x000002b5c4810010
Event: 30.478 Thread 0x000002b6189baa90 Thread exited: 0x000002b6189baa90
Event: 30.478 Thread 0x000002b6189ba3c0 Thread exited: 0x000002b6189ba3c0
Event: 30.544 Thread 0x000002b6189ba3c0 Thread added: 0x000002b6189ba3c0
Event: 30.552 Thread 0x000002b6189baa90 Thread added: 0x000002b6189baa90
Event: 31.968 Thread 0x000002b618961690 Thread added: 0x000002b618961690
Event: 31.975 Thread 0x000002b6189630d0 Thread added: 0x000002b6189630d0
Event: 31.985 Thread 0x000002b618963760 Thread added: 0x000002b618963760


Dynamic libraries:
0x00007ff74c610000 - 0x00007ff74c620000 	C:\Program Files\Java\jdk-21\bin\java.exe
0x00007fffc3710000 - 0x00007fffc3926000 	C:\Windows\SYSTEM32\ntdll.dll
0x00007fffac600000 - 0x00007fffac619000 	C:\Program Files\Avast Software\Avast\aswhook.dll
0x00007fffc2980000 - 0x00007fffc2a44000 	C:\Windows\System32\KERNEL32.DLL
0x00007fffc0f50000 - 0x00007fffc12f6000 	C:\Windows\System32\KERNELBASE.dll
0x00007fffc0cc0000 - 0x00007fffc0dd1000 	C:\Windows\System32\ucrtbase.dll
0x00007fffaccf0000 - 0x00007fffacd09000 	C:\Program Files\Java\jdk-21\bin\jli.dll
0x00007fffc24c0000 - 0x00007fffc2572000 	C:\Windows\System32\ADVAPI32.dll
0x00007fffacd10000 - 0x00007fffacd2b000 	C:\Program Files\Java\jdk-21\bin\VCRUNTIME140.dll
0x00007fffc28d0000 - 0x00007fffc2977000 	C:\Windows\System32\msvcrt.dll
0x00007fffc16c0000 - 0x00007fffc1768000 	C:\Windows\System32\sechost.dll
0x00007fffc0a50000 - 0x00007fffc0a78000 	C:\Windows\System32\bcrypt.dll
0x00007fffc1e40000 - 0x00007fffc1f55000 	C:\Windows\System32\RPCRT4.dll
0x00007fffc2580000 - 0x00007fffc272d000 	C:\Windows\System32\USER32.dll
0x00007fffc1430000 - 0x00007fffc1456000 	C:\Windows\System32\win32u.dll
0x00007fffad220000 - 0x00007fffad4b3000 	C:\Windows\WinSxS\amd64_microsoft.windows.common-controls_6595b64144ccf1df_6.0.22621.3235_none_270f74e173860f98\COMCTL32.dll
0x00007fffc1690000 - 0x00007fffc16b9000 	C:\Windows\System32\GDI32.dll
0x00007fffc0a80000 - 0x00007fffc0b98000 	C:\Windows\System32\gdi32full.dll
0x00007fffc0c20000 - 0x00007fffc0cba000 	C:\Windows\System32\msvcp_win.dll
0x00007fffb8700000 - 0x00007fffb870a000 	C:\Windows\SYSTEM32\VERSION.dll
0x00007fffc1bf0000 - 0x00007fffc1c21000 	C:\Windows\System32\IMM32.DLL
0x00007fffbc390000 - 0x00007fffbc39c000 	C:\Program Files\Java\jdk-21\bin\vcruntime140_1.dll
0x00007fff6c570000 - 0x00007fff6c5fe000 	C:\Program Files\Java\jdk-21\bin\msvcp140.dll
0x00007fff32330000 - 0x00007fff33047000 	C:\Program Files\Java\jdk-21\bin\server\jvm.dll
0x00007fffc1c30000 - 0x00007fffc1ca1000 	C:\Windows\System32\WS2_32.dll
0x00007fffbf8e0000 - 0x00007fffbf92d000 	C:\Windows\SYSTEM32\POWRPROF.dll
0x00007fffb9180000 - 0x00007fffb91b4000 	C:\Windows\SYSTEM32\WINMM.dll
0x00007fffbf8c0000 - 0x00007fffbf8d3000 	C:\Windows\SYSTEM32\UMPDC.dll
0x00007fffbfb80000 - 0x00007fffbfb98000 	C:\Windows\SYSTEM32\kernel.appcore.dll
0x00007fffb15e0000 - 0x00007fffb15ea000 	C:\Program Files\Java\jdk-21\bin\jimage.dll
0x00007fffb18b0000 - 0x00007fffb1ae3000 	C:\Windows\SYSTEM32\DBGHELP.DLL
0x00007fffc2120000 - 0x00007fffc24a8000 	C:\Windows\System32\combase.dll
0x00007fffc1460000 - 0x00007fffc1537000 	C:\Windows\System32\OLEAUT32.dll
0x00007fffb1830000 - 0x00007fffb1862000 	C:\Windows\SYSTEM32\dbgcore.DLL
0x00007fffc0ba0000 - 0x00007fffc0c1a000 	C:\Windows\System32\bcryptPrimitives.dll
0x00007fffa1f20000 - 0x00007fffa1f3f000 	C:\Program Files\Java\jdk-21\bin\java.dll
0x00007fffc2a50000 - 0x00007fffc32ad000 	C:\Windows\System32\SHELL32.dll
0x00007fffbe9c0000 - 0x00007fffbf2b8000 	C:\Windows\SYSTEM32\windows.storage.dll
0x00007fffbe880000 - 0x00007fffbe9be000 	C:\Windows\SYSTEM32\wintypes.dll
0x00007fffc1590000 - 0x00007fffc1683000 	C:\Windows\System32\SHCORE.dll
0x00007fffc3610000 - 0x00007fffc366e000 	C:\Windows\System32\shlwapi.dll
0x00007fffc0980000 - 0x00007fffc09a6000 	C:\Windows\SYSTEM32\profapi.dll
0x00007fff43610000 - 0x00007fff436e7000 	C:\Program Files\Java\jdk-21\bin\jsvml.dll
0x00007fffb0ea0000 - 0x00007fffb0eb0000 	C:\Program Files\Java\jdk-21\bin\net.dll
0x00007fffb9a50000 - 0x00007fffb9b87000 	C:\Windows\SYSTEM32\WINHTTP.dll
0x00007fffc0000000 - 0x00007fffc0069000 	C:\Windows\system32\mswsock.dll
0x00007fff89740000 - 0x00007fff89756000 	C:\Program Files\Java\jdk-21\bin\nio.dll
0x00007fff869c0000 - 0x00007fff869d8000 	C:\Program Files\Java\jdk-21\bin\zip.dll
0x00007fffa99b0000 - 0x00007fffa99ba000 	C:\Program Files\Java\jdk-21\bin\management.dll
0x00007fffa3ac0000 - 0x00007fffa3acb000 	C:\Program Files\Java\jdk-21\bin\management_ext.dll
0x00007fffc35a0000 - 0x00007fffc35a8000 	C:\Windows\System32\PSAPI.DLL
0x00007fffbf5c0000 - 0x00007fffbf6b9000 	C:\Windows\SYSTEM32\DNSAPI.dll
0x00007fffbf590000 - 0x00007fffbf5bd000 	C:\Windows\SYSTEM32\IPHLPAPI.DLL
0x00007fffc24b0000 - 0x00007fffc24b9000 	C:\Windows\System32\NSI.dll
0x00007fffab5c0000 - 0x00007fffab5ca000 	C:\Windows\System32\rasadhlp.dll
0x00007fffb7090000 - 0x00007fffb7113000 	C:\Windows\System32\fwpuclnt.dll
0x00007fff93670000 - 0x00007fff93687000 	C:\Windows\system32\napinsp.dll
0x00007fff935a0000 - 0x00007fff935bb000 	C:\Windows\system32\pnrpnsp.dll
0x00007fff93410000 - 0x00007fff93421000 	C:\Windows\System32\winrnr.dll
0x00007fffb8eb0000 - 0x00007fffb8ec5000 	C:\Windows\system32\wshbth.dll
0x00007fff933e0000 - 0x00007fff93401000 	C:\Windows\system32\nlansp_c.dll
0x00007fffc0250000 - 0x00007fffc026b000 	C:\Windows\SYSTEM32\CRYPTSP.dll
0x00007fffbfae0000 - 0x00007fffbfb15000 	C:\Windows\system32\rsaenh.dll
0x00007fffc00f0000 - 0x00007fffc011c000 	C:\Windows\SYSTEM32\USERENV.dll
0x00007fffc0270000 - 0x00007fffc027c000 	C:\Windows\SYSTEM32\CRYPTBASE.dll
0x00007fffa0830000 - 0x00007fffa0839000 	C:\Program Files\Java\jdk-21\bin\extnet.dll
0x00007fff9d1b0000 - 0x00007fff9d1be000 	C:\Program Files\Java\jdk-21\bin\sunmscapi.dll
0x00007fffc0de0000 - 0x00007fffc0f46000 	C:\Windows\System32\CRYPT32.dll
0x00007fffc0410000 - 0x00007fffc043e000 	C:\Windows\SYSTEM32\ncrypt.dll
0x00007fffc03d0000 - 0x00007fffc0407000 	C:\Windows\SYSTEM32\NTASN1.dll
0x00007fffbc400000 - 0x00007fffbc410000 	C:\Program Files\Java\jdk-21\bin\verify.dll

dbghelp: loaded successfully - version: 4.0.5 - missing functions: none
symbol engine: initialized successfully - sym options: 0x614 - pdb path: .;C:\Program Files\Java\jdk-21\bin;C:\Windows\SYSTEM32;C:\Program Files\Avast Software\Avast;C:\Windows\WinSxS\amd64_microsoft.windows.common-controls_6595b64144ccf1df_6.0.22621.3235_none_270f74e173860f98;C:\Program Files\Java\jdk-21\bin\server

VM Arguments:
jvm_args: -Dcom.sun.management.jmxremote -Dcom.sun.management.jmxremote.port=49388 -Dcom.sun.management.jmxremote.authenticate=false -Dcom.sun.management.jmxremote.ssl=false -Dspring.jmx.enabled=true -Djava.rmi.server.hostname=localhost -Dspring.application.admin.enabled=true -Dspring.boot.project.name=project -XX:+ShowCodeDetailsInExceptionMessages -Dmanagement.endpoints.jmx.exposure.include=* 
java_command: com.project1.project.ProjectApplication
java_class_path (initial): C:\Users\fatim\Desktop\SOA-AdvWEB\project-al7komaaa\target\classes;C:\Users\fatim\.m2\repository\org\springframework\boot\spring-boot-starter-actuator\3.2.3\spring-boot-starter-actuator-3.2.3.jar;C:\Users\fatim\.m2\repository\org\springframework\boot\spring-boot-starter\3.2.3\spring-boot-starter-3.2.3.jar;C:\Users\fatim\.m2\repository\org\springframework\boot\spring-boot\3.2.3\spring-boot-3.2.3.jar;C:\Users\fatim\.m2\repository\org\springframework\boot\spring-boot-autoconfigure\3.2.3\spring-boot-autoconfigure-3.2.3.jar;C:\Users\fatim\.m2\repository\org\springframework\boot\spring-boot-starter-logging\3.2.3\spring-boot-starter-logging-3.2.3.jar;C:\Users\fatim\.m2\repository\ch\qos\logback\logback-classic\1.4.14\logback-classic-1.4.14.jar;C:\Users\fatim\.m2\repository\ch\qos\logback\logback-core\1.4.14\logback-core-1.4.14.jar;C:\Users\fatim\.m2\repository\org\apache\logging\log4j\log4j-to-slf4j\2.21.1\log4j-to-slf4j-2.21.1.jar;C:\Users\fatim\.m2\repository\org\apache\logging\log4j\log4j-api\2.21.1\log4j-api-2.21.1.jar;C:\Users\fatim\.m2\repository\org\slf4j\jul-to-slf4j\2.0.12\jul-to-slf4j-2.0.12.jar;C:\Users\fatim\.m2\repository\jakarta\annotation\jakarta.annotation-api\2.1.1\jakarta.annotation-api-2.1.1.jar;C:\Users\fatim\.m2\repository\org\yaml\snakeyaml\2.2\snakeyaml-2.2.jar;C:\Users\fatim\.m2\repository\org\springframework\boot\spring-boot-actuator-autoconfigure\3.2.3\spring-boot-actuator-autoconfigure-3.2.3.jar;C:\Users\fatim\.m2\repository\org\springframework\boot\spring-boot-actuator\3.2.3\spring-boot-actuator-3.2.3.jar;C:\Users\fatim\.m2\repository\com\fasterxml\jackson\datatype\jackson-datatype-jsr310\2.15.4\jackson-datatype-jsr310-2.15.4.jar;C:\Users\fatim\.m2\repository\io\micrometer\micrometer-observation\1.12.3\micrometer-observation-1.12.3.jar;C:\Users\fatim\.m2\repository\io\micrometer\micrometer-commons\1.12.3\micrometer-commons-1.12.3.jar;C:\Users\fatim\.m2\repository\io\micrometer\micrometer-jakarta9\1.12.3\micrometer-jakarta9-1.12.3.jar;C:\Users\fatim\.m2\repository\io\micrometer\micrometer-core\1.12.3\micrometer-core-1.12.3.jar;C:\Users\fatim\.m2\repository\org\hdrhistogram\HdrHistogram\2.1.12\HdrHistogram-2.1.12.jar;C:\Users\fatim\.m2\repository\org\latencyutils\LatencyUtils\2.0.3\LatencyUtils-2.0.3.jar;C:\Users\fatim\.m2\repository\org\springframework\boot\spring-boot-starter-data-jpa\3.2.3\spring-boot-starter-data-jpa-3.2.3.jar;C:\Users\fatim\.m2\repository\org\springframework\boot\spring-boot-starter-aop\3.2.3\spring-boot-starter-aop-3.2.3.jar;C:\Users\fatim\.m2\repository\org\aspectj\aspectjweaver\1.9.21\aspectjweaver-1.9.21.jar;C:\Users\fatim\.m2\repository\org\springframework\boot\spring-boot-starter-jdbc\3.2.3\spring-boot-starter-jdbc-3.2.3.jar;C:\Users\fatim\.m2\repository\com\zaxxer\HikariCP\5.0.1\HikariCP-5.0.1.jar;C:\Users\fatim\.m2\repository\org\springframework\spring-jdbc\6.1.4\spring-jdbc-6.1.4.jar;C:\Users\fatim\.m2\repository\org\hibernate\orm\hibernate-core\6.4.4.Final\hibernate-core-6.4.4.Final.jar;C:\Users\fatim\.m2\repository\jakarta\persistence\jakarta.persistence-api\3.1.0\jakarta.persistence-api-3.1.0.jar;C:\Users\fatim\.m2\repository\jakarta\transaction\jakarta.transaction-api\2.0.1\jakarta.transaction-api-2.0.1.jar;C:\Users\fatim\.m2\repository\org\jboss\logging\jboss-logging\3.5.3.Final\jboss-logging-3.5.3.Final.jar;C:\Users\fatim\.m2\repository\org\hibernate\common\hibernate-commons-annotations\6.0.6.Final\hibernate-commons-annotations-6.0.6.Final.jar;C:\Users\fatim\.m2\repository\io\smallrye\jandex\3.1.2\jandex-3.1.2.jar;C:\Users\fatim\.m2\repository\com\fasterxml\classmate\1.6.0\classmate-1.6.0.jar;C:\Users\fatim\.m2\repository\net\bytebuddy\byte-buddy\1.14.12\byte-buddy-1.14.12.jar;C:\Users\fatim\.m2\repository\org\glassfish\jaxb\jaxb-runtime\4.0.4\jaxb-runtime-4.0.4.jar;C:\Users\fatim\.m2\repository\org\glassfish\jaxb\jaxb-core\4.0.4\jaxb-core-4.0.4.jar;C:\Users\fatim\.m2\repository\org\eclipse\angus\angus-activation\2.0.1\angus-activation-2.0.1.jar;C:\Users\fatim\.m2\repository\org\glassfish\jaxb\txw2\4.0.4\txw2-4.0.4.jar;C:\Users\fatim\.m2\repository\com\sun\istack\istack-commons-runtime\4.1.2\istack-commons-runtime-4.1.2.jar;C:\Users\fatim\.m2\repository\jakarta\inject\jakarta.inject-api\2.0.1\jakarta.inject-api-2.0.1.jar;C:\Users\fatim\.m2\repository\org\antlr\antlr4-runtime\4.13.0\antlr4-runtime-4.13.0.jar;C:\Users\fatim\.m2\repository\org\springframework\data\spring-data-jpa\3.2.3\spring-data-jpa-3.2.3.jar;C:\Users\fatim\.m2\repository\org\springframework\data\spring-data-commons\3.2.3\spring-data-commons-3.2.3.jar;C:\Users\fatim\.m2\repository\org\springframework\spring-orm\6.1.4\spring-orm-6.1.4.jar;C:\Users\fatim\.m2\repository\org\springframework\spring-context\6.1.4\spring-context-6.1.4.jar;C:\Users\fatim\.m2\repository\org\springframework\spring-tx\6.1.4\spring-tx-6.1.4.jar;C:\Users\fatim\.m2\repository\org\springframework\spring-beans\6.1.4\spring-beans-6.1.4.jar;C:\Users\fatim\.m2\repository\org\slf4j\slf4j-api\2.0.12\slf4j-api-2.0.12.jar;C:\Users\fatim\.m2\repository\org\springframework\spring-aspects\6.1.4\spring-aspects-6.1.4.jar;C:\Users\fatim\.m2\repository\org\springframework\boot\spring-boot-starter-web\3.2.3\spring-boot-starter-web-3.2.3.jar;C:\Users\fatim\.m2\repository\org\springframework\boot\spring-boot-starter-json\3.2.3\spring-boot-starter-json-3.2.3.jar;C:\Users\fatim\.m2\repository\com\fasterxml\jackson\datatype\jackson-datatype-jdk8\2.15.4\jackson-datatype-jdk8-2.15.4.jar;C:\Users\fatim\.m2\repository\com\fasterxml\jackson\module\jackson-module-parameter-names\2.15.4\jackson-module-parameter-names-2.15.4.jar;C:\Users\fatim\.m2\repository\org\springframework\boot\spring-boot-starter-tomcat\3.2.3\spring-boot-starter-tomcat-3.2.3.jar;C:\Users\fatim\.m2\repository\org\apache\tomcat\embed\tomcat-embed-core\10.1.19\tomcat-embed-core-10.1.19.jar;C:\Users\fatim\.m2\repository\org\apache\tomcat\embed\tomcat-embed-websocket\10.1.19\tomcat-embed-websocket-10.1.19.jar;C:\Users\fatim\.m2\repository\org\springframework\spring-web\6.1.4\spring-web-6.1.4.jar;C:\Users\fatim\.m2\repository\org\springframework\spring-webmvc\6.1.4\spring-webmvc-6.1.4.jar;C:\Users\fatim\.m2\repository\org\springframework\spring-expression\6.1.4\spring-expression-6.1.4.jar;C:\Users\fatim\.m2\repository\org\springframework\boot\spring-boot-starter-validation\3.2.3\spring-boot-starter-validation-3.2.3.jar;C:\Users\fatim\.m2\repository\org\apache\tomcat\embed\tomcat-embed-el\10.1.19\tomcat-embed-el-10.1.19.jar;C:\Users\fatim\.m2\repository\org\hibernate\validator\hibernate-validator\8.0.1.Final\hibernate-validator-8.0.1.Final.jar;C:\Users\fatim\.m2\repository\jakarta\validation\jakarta.validation-api\3.0.2\jakarta.validation-api-3.0.2.jar;C:\Users\fatim\.m2\repository\com\h2database\h2\2.2.224\h2-2.2.224.jar;C:\Users\fatim\.m2\repository\com\jayway\jsonpath\json-path\2.9.0\json-path-2.9.0.jar;C:\Users\fatim\.m2\repository\jakarta\xml\bind\jakarta.xml.bind-api\4.0.1\jakarta.xml.bind-api-4.0.1.jar;C:\Users\fatim\.m2\repository\jakarta\activation\jakarta.activation-api\2.1.2\jakarta.activation-api-2.1.2.jar;C:\Users\fatim\.m2\repository\net\minidev\json-smart\2.5.0\json-smart-2.5.0.jar;C:\Users\fatim\.m2\repository\net\minidev\accessors-smart\2.5.0\accessors-smart-2.5.0.jar;C:\Users\fatim\.m2\repository\org\ow2\asm\asm\9.3\asm-9.3.jar;C:\Users\fatim\.m2\repository\org\springframework\spring-core\6.1.4\spring-core-6.1.4.jar;C:\Users\fatim\.m2\repository\org\springframework\spring-jcl\6.1.4\spring-jcl-6.1.4.jar;C:\Users\fatim\.m2\repository\org\projectlombok\lombok\1.18.30\lombok-1.18.30.jar;C:\Users\fatim\.m2\repository\org\springframework\boot\spring-boot-starter-hateoas\3.2.3\spring-boot-starter-hateoas-3.2.3.jar;C:\Users\fatim\.m2\repository\org\springframework\hateoas\spring-hateoas\2.2.0\spring-hateoas-2.2.0.jar;C:\Users\fatim\.m2\repository\org\springframework\plugin\spring-plugin-core\3.0.0\spring-plugin-core-3.0.0.jar;C:\Users\fatim\.m2\repository\org\springframework\boot\spring-boot-starter-security\3.2.3\spring-boot-starter-security-3.2.3.jar;C:\Users\fatim\.m2\repository\org\springframework\spring-aop\6.1.4\spring-aop-6.1.4.jar;C:\Users\fatim\.m2\repository\org\springframework\security\spring-security-config\6.2.2\spring-security-config-6.2.2.jar;C:\Users\fatim\.m2\repository\org\springframework\security\spring-security-web\6.2.2\spring-security-web-6.2.2.jar;C:\Users\fatim\.m2\repository\com\mysql\mysql-connector-j\8.3.0\mysql-connector-j-8.3.0.jar;C:\Users\fatim\.m2\repository\io\jsonwebtoken\jjwt-api\0.11.5\jjwt-api-0.11.5.jar;C:\Users\fatim\.m2\repository\io\jsonwebtoken\jjwt-impl\0.11.5\jjwt-impl-0.11.5.jar;C:\Users\fatim\.m2\repository\io\jsonwebtoken\jjwt-jackson\0.11.5\jjwt-jackson-0.11.5.jar;C:\Users\fatim\.m2\repository\com\fasterxml\jackson\core\jackson-databind\2.15.4\jackson-databind-2.15.4.jar;C:\Users\fatim\.m2\repository\com\fasterxml\jackson\core\jackson-annotations\2.15.4\jackson-annotations-2.15.4.jar;C:\Users\fatim\.m2\repository\com\fasterxml\jackson\core\jackson-core\2.15.4\jackson-core-2.15.4.jar;C:\Users\fatim\.m2\repository\org\springframework\security\spring-security-core\6.2.2\spring-security-core-6.2.2.jar;C:\Users\fatim\.m2\repository\org\springframework\security\spring-security-crypto\6.2.2\spring-security-crypto-6.2.2.jar
Launcher Type: SUN_STANDARD

[Global flags]
     intx CICompilerCount                          = 4                                         {product} {ergonomic}
     uint ConcGCThreads                            = 2                                         {product} {ergonomic}
     uint G1ConcRefinementThreads                  = 8                                         {product} {ergonomic}
   size_t G1HeapRegionSize                         = 1048576                                   {product} {ergonomic}
    uintx GCDrainStackTargetSize                   = 64                                        {product} {ergonomic}
   size_t InitialHeapSize                          = 134217728                                 {product} {ergonomic}
     bool ManagementServer                         = true                                      {product} {command line}
   size_t MarkStackSize                            = 4194304                                   {product} {ergonomic}
   size_t MaxHeapSize                              = 2126512128                                {product} {ergonomic}
   size_t MaxNewSize                               = 1275068416                                {product} {ergonomic}
   size_t MinHeapDeltaBytes                        = 1048576                                   {product} {ergonomic}
   size_t MinHeapSize                              = 8388608                                   {product} {ergonomic}
    uintx NonNMethodCodeHeapSize                   = 5839372                                {pd product} {ergonomic}
    uintx NonProfiledCodeHeapSize                  = 122909434                              {pd product} {ergonomic}
    uintx ProfiledCodeHeapSize                     = 122909434                              {pd product} {ergonomic}
    uintx ReservedCodeCacheSize                    = 251658240                              {pd product} {ergonomic}
     bool SegmentedCodeCache                       = true                                      {product} {ergonomic}
     bool ShowCodeDetailsInExceptionMessages       = true                                   {manageable} {command line}
   size_t SoftMaxHeapSize                          = 2126512128                             {manageable} {ergonomic}
     bool UseCompressedOops                        = true                           {product lp64_product} {ergonomic}
     bool UseG1GC                                  = true                                      {product} {ergonomic}
     bool UseLargePagesIndividualAllocation        = false                                  {pd product} {ergonomic}

Logging:
Log output configuration:
 #0: stdout all=warning uptime,level,tags foldmultilines=false
 #1: stderr all=off uptime,level,tags foldmultilines=false

Environment Variables:
JAVA_HOME=C:\Program Files\Java\jdk-21
PATH=C:\Program Files\Common Files\Oracle\Java\javapath;C:\Windows\system32;C:\Windows;C:\Windows\System32\Wbem;C:\Windows\System32\WindowsPowerShell\v1.0\;C:\Windows\System32\OpenSSH\;C:\DevTools\apache-maven-3.9.4-bin\apache-maven-3.9.4\bin;C:\Program Files\Java\jdk-21\bin;C:\Program Files\Git\cmd;C:\Program Files\Java\jdk-21\bin;C:\Program Files\nodejs\;C:\Program Files\nodejs;C:\Users\fatim\AppData\Local\Microsoft\WindowsApps;C:\Users\fatim\AppData\Local\Programs\Microsoft VS Code\bin;C:\Users\fatim\AppData\Roaming\npm;C:\Program Files\nodejs;
USERNAME=fatima
LANG=en_US.UTF-8
OS=Windows_NT
PROCESSOR_IDENTIFIER=Intel64 Family 6 Model 142 Stepping 10, GenuineIntel
TMP=C:\Users\fatim\AppData\Local\Temp
TEMP=C:\Users\fatim\AppData\Local\Temp




Periodic native trim disabled

---------------  S Y S T E M  ---------------

OS:
 Windows 11 , 64 bit Build 22621 (10.0.22621.3235)
OS uptime: 1 days 0:08 hours

CPU: total 8 (initial active 8) (4 cores per cpu, 2 threads per core) family 6 model 142 stepping 10 microcode 0xe0, cx8, cmov, fxsr, ht, mmx, 3dnowpref, sse, sse2, sse3, ssse3, sse4.1, sse4.2, popcnt, lzcnt, tsc, tscinvbit, avx, avx2, aes, erms, clmul, bmi1, bmi2, adx, fma, vzeroupper, clflush, clflushopt, rdtscp, f16c
Processor Information for all 8 processors :
  Max Mhz: 2001, Current Mhz: 1500, Mhz Limit: 2001

Memory: 4k page, system-wide physical 8108M (606M free)
TotalPageFile size 11336M (AvailPageFile size 0M)
current process WorkingSet (physical memory assigned to process): 336M, peak: 336M
current process commit charge ("private bytes"): 376M, peak: 376M

vm_info: Java HotSpot(TM) 64-Bit Server VM (21.0.2+13-LTS-58) for windows-amd64 JRE (21.0.2+13-LTS-58), built on 2024-01-05T18:32:24Z by "mach5one" with MS VC++ 17.1 (VS2022)

END.
