#
# A fatal error has been detected by the Java Runtime Environment:
#
#  EXCEPTION_ACCESS_VIOLATION (0xc0000005) at pc=0x00007ff8ff3c7dc6, pid=7744, tid=16540
#
# JRE version: OpenJDK Runtime Environment Temurin-17.0.10+7 (17.0.10+7) (build 17.0.10+7)
# Java VM: OpenJDK 64-Bit Server VM Temurin-17.0.10+7 (17.0.10+7, mixed mode, emulated-client, tiered, compressed oops, compressed class ptrs, g1 gc, windows-amd64)
# Problematic frame:
# V  [jvm.dll+0x687dc6]
#
# No core dump will be written. Minidumps are not enabled by default on client versions of Windows
#
# If you would like to submit a bug report, please visit:
#   https://github.com/adoptium/adoptium-support/issues
#

---------------  S U M M A R Y ------------

Command Line: -Xmx1024m -Dsts.lsp.client=vscode -Dsts.log.file=/dev/null -XX:TieredStopAtLevel=1 -Xlog:jni+resolve=off -Dspring.config.location=file:c:\Users\fatim\.vscode\extensions\vmware.vscode-spring-boot-1.54.0\language-server\BOOT-INF\classes\application.properties org.springframework.ide.vscode.boot.app.BootLanguageServerBootApp

Host: Intel(R) Core(TM) i7-8550U CPU @ 1.80GHz, 8 cores, 7G,  Windows 11 , 64 bit Build 22621 (10.0.22621.3374)
Time: Sun May 12 18:57:36 2024 West Bank Gaza Daylight Time elapsed time: 4062.309960 seconds (0d 1h 7m 42s)

---------------  T H R E A D  ---------------

Current thread (0x00000276937c9710):  GCTaskThread "GC Thread#3" [stack: 0x00000096bcd00000,0x00000096bce00000] [id=16540]

Stack: [0x00000096bcd00000,0x00000096bce00000],  sp=0x00000096bcdff7d0,  free space=1021k
Native frames: (J=compiled Java code, j=interpreted, Vv=VM code, C=native code)
V  [jvm.dll+0x687dc6]
V  [jvm.dll+0x30a4d3]
V  [jvm.dll+0x86226b]
V  [jvm.dll+0x8622b6]
V  [jvm.dll+0x7e3fba]
V  [jvm.dll+0x67c1b5]
C  [ucrtbase.dll+0x29333]
C  [KERNEL32.DLL+0x1257d]
C  [ntdll.dll+0x5aa48]


siginfo: EXCEPTION_ACCESS_VIOLATION (0xc0000005), reading address 0x0000000000000058


Registers:
RAX=0x0000000000000000, RBX=0x000002768b5cfa10, RCX=0x000002768b5cfa10, RDX=0x000002768b5cfa00
RSP=0x00000096bcdff7d0, RBP=0x00000096bcdff8d0, RSI=0x0000000000000000, RDI=0x00000276885201b0
R8 =0x000002768b5cfa10, R9 =0x000002768b190000, R10=0x000000000002b045, R11=0x0000000000000000
R12=0x0000000000000003, R13=0x0000000000000000, R14=0x0000000000000003, R15=0x000002768b5cd090
RIP=0x00007ff8ff3c7dc6, EFLAGS=0x0000000000010202


Register to memory mapping:

RIP=0x00007ff8ff3c7dc6 jvm.dll
RAX=0x0 is NULL
RBX=0x000002768b5cfa10 points into unknown readable memory: 0x0000000000000000 | 00 00 00 00 00 00 00 00
RCX=0x000002768b5cfa10 points into unknown readable memory: 0x0000000000000000 | 00 00 00 00 00 00 00 00
RDX=0x000002768b5cfa00 points into unknown readable memory: 0x000000000000000f | 0f 00 00 00 00 00 00 00
RSP=0x00000096bcdff7d0 points into unknown readable memory: 0x000000000000000f | 0f 00 00 00 00 00 00 00
RBP=0x00000096bcdff8d0 points into unknown readable memory: 0x000002768b5c6190 | 90 61 5c 8b 76 02 00 00
RSI=0x0 is NULL
RDI=0x00000276885201b0 points into unknown readable memory: 0x00007ff8ff6a0830 | 30 08 6a ff f8 7f 00 00
R8 =0x000002768b5cfa10 points into unknown readable memory: 0x0000000000000000 | 00 00 00 00 00 00 00 00
R9 =0x000002768b190000 points into unknown readable memory: 0x0000000000000006 | 06 00 00 00 00 00 00 00
R10=0x000000000002b045 is an unknown value
R11=0x0 is NULL
R12=0x0000000000000003 is an unknown value
R13=0x0 is NULL
R14=0x0000000000000003 is an unknown value
R15=0x000002768b5cd090 is at entry_point+-784 in (nmethod*)0x000002768b5cd090
Compiled method (c1) 4062664 1789       1       java.lang.invoke.LambdaFormEditor::bindArgumentForm (269 bytes)
 total in heap  [0x000002768b5cd090,0x000002768b5ce800] = 6000
 relocation     [0x000002768b5cd1e8,0x000002768b5cd388] = 416
 main code      [0x000002768b5cd3a0,0x000002768b5cde40] = 2720
 stub code      [0x000002768b5cde40,0x000002768b5cdfe8] = 424
 metadata       [0x000002768b5cdfe8,0x000002768b5ce058] = 112
 scopes data    [0x000002768b5ce058,0x000002768b5ce490] = 1080
 scopes pcs     [0x000002768b5ce490,0x000002768b5ce790] = 768
 dependencies   [0x000002768b5ce790,0x000002768b5ce7a0] = 16
 nul chk table  [0x000002768b5ce7a0,0x000002768b5ce800] = 96


Top of Stack: (sp=0x00000096bcdff7d0)
0x00000096bcdff7d0:   000000000000000f 0000000000020000
0x00000096bcdff7e0:   00000000c0000000 00007ff8ff53282e
0x00000096bcdff7f0:   000002768b5cd090 00000276862b71d0
0x00000096bcdff800:   0000000000000000 00000276862b71d0
0x00000096bcdff810:   0000009600000001 00007ff8ff580001
0x00000096bcdff820:   000002768b5cfa10 00000276862b71d0
0x00000096bcdff830:   0000000000000000 00000276862b71d0
0x00000096bcdff840:   0000009600000001 00007ff8ff580001
0x00000096bcdff850:   00000096bc0fe810 00000276862b71d0
0x00000096bcdff860:   0000000000000000 00000276862b71d0
0x00000096bcdff870:   0000009600000001 0000000000000000
0x00000096bcdff880:   000002768b5ce810 000002768b5ceb90
0x00000096bcdff890:   000002768b5cef10 000002768b5c4490
0x00000096bcdff8a0:   000002768b5c4790 000002768b5c4b10
0x00000096bcdff8b0:   000002768b5c4e90 000002768b5c5310
0x00000096bcdff8c0:   000002768b5c5610 000002768b5c5a90
0x00000096bcdff8d0:   000002768b5c6190 000002768b5c6890
0x00000096bcdff8e0:   000002768b5c6b90 000002768b5c7410
0x00000096bcdff8f0:   000002768b5c7890 000002768b5c7b90
0x00000096bcdff900:   0000eca4b3afd3ef 0000000000000001
0x00000096bcdff910:   0000000000000000 00000276937c9710
0x00000096bcdff920:   0000000000000000 0000000000000000
0x00000096bcdff930:   0000000000000000 00007ff8ff04a4d3
0x00000096bcdff940:   0000000000000000 00000096bc0fe7f0
0x00000096bcdff950:   00000276937c9710 0000000000000001
0x00000096bcdff960:   00000096bc0fe7f0 00007ff8ff5a226b
0x00000096bcdff970:   0000000000000002 0000000000000000
0x00000096bcdff980:   00000276937c9710 00000096bc0fe7f0
0x00000096bcdff990:   00000000000075a3 00007ff8ff5a22b6
0x00000096bcdff9a0:   00000276937c9710 00000096ffffffff
0x00000096bcdff9b0:   00000276862c5170 0000000000000000
0x00000096bcdff9c0:   00000276937c9710 00007ff8ff523fba 

Instructions: (pc=0x00007ff8ff3c7dc6)
0x00007ff8ff3c7cc6:   45 88 0f 11 44 24 28 0f 10 45 98 0f 11 44 24 38
0x00007ff8ff3c7cd6:   4d 85 ff 74 51 48 8b 51 08 33 c0 8b 4c 24 30 66
0x00007ff8ff3c7ce6:   66 66 0f 1f 84 00 00 00 00 00 48 98 48 8b 04 c2
0x00007ff8ff3c7cf6:   4c 39 78 18 77 06 4c 3b 78 20 72 06 ff c1 8b c1
0x00007ff8ff3c7d06:   eb e8 0f 10 44 24 20 89 4c 24 30 0f 10 4c 24 30
0x00007ff8ff3c7d16:   0f 11 44 24 50 0f 10 44 24 40 0f 11 4c 24 60 0f
0x00007ff8ff3c7d26:   11 44 24 70 eb 27 0f 10 44 24 20 0f 10 4c 24 30
0x00007ff8ff3c7d36:   0f 11 44 24 50 0f 10 44 24 40 0f 11 4c 24 60 0f
0x00007ff8ff3c7d46:   11 44 24 70 4d 85 ff 0f 84 00 01 00 00 44 0f b6
0x00007ff8ff3c7d56:   6c 24 79 45 33 f6 8b 74 24 60 48 8b 5c 24 50 3b
0x00007ff8ff3c7d66:   74 24 70 0f 84 e9 00 00 00 48 8b 44 24 58 48 63
0x00007ff8ff3c7d76:   ce 48 8b 40 08 48 8b 3c c8 48 85 db 75 22 48 8b
0x00007ff8ff3c7d86:   cf e8 b4 c3 b7 ff 48 89 44 24 50 48 8b d8 48 85
0x00007ff8ff3c7d96:   c0 74 51 48 8b 00 48 8b cb ff 50 58 84 c0 75 4f
0x00007ff8ff3c7da6:   48 8b d3 48 8b cf e8 6f 6c a8 ff 48 89 44 24 50
0x00007ff8ff3c7db6:   48 8b d8 48 85 c0 74 27 66 90 48 8b 03 48 8b cb
0x00007ff8ff3c7dc6:   ff 50 58 84 c0 75 13 48 8b d3 48 8b cf e8 48 6c
0x00007ff8ff3c7dd6:   a8 ff 48 8b d8 48 85 c0 75 e0 48 89 5c 24 50 48
0x00007ff8ff3c7de6:   85 db 75 0b ff c6 89 74 24 60 e9 70 ff ff ff 80
0x00007ff8ff3c7df6:   7c 24 78 00 74 14 48 8b 03 48 8b cb ff 90 88 00
0x00007ff8ff3c7e06:   00 00 84 c0 0f 84 55 ff ff ff 45 84 ed 74 27 48
0x00007ff8ff3c7e16:   8b 03 48 8b cb ff 50 58 33 c9 84 c0 48 0f 45 cb
0x00007ff8ff3c7e26:   48 85 c9 74 11 48 8b 01 ff 90 20 02 00 00 84 c0
0x00007ff8ff3c7e36:   0f 85 29 ff ff ff 4a 89 5c f5 b0 41 ff c4 49 ff
0x00007ff8ff3c7e46:   c6 49 83 fe 10 0f 8c 14 ff ff ff eb 05 48 8b 5c
0x00007ff8ff3c7e56:   24 50 49 8b c7 4c 8b 7d 80 f0 49 0f b1 5f 28 0f
0x00007ff8ff3c7e66:   85 15 fe ff ff 45 85 e4 74 30 33 db 49 63 fc 45
0x00007ff8ff3c7e76:   85 e4 0f 8e 02 fe ff ff 66 90 48 8b 4c dd b0 41
0x00007ff8ff3c7e86:   0f b6 57 18 48 8b 01 ff 90 28 02 00 00 48 ff c3
0x00007ff8ff3c7e96:   48 3b df 7c e5 e9 e0 fd ff ff 48 8b 4d 30 48 33
0x00007ff8ff3c7ea6:   cc e8 c4 83 20 00 4c 8d 9c 24 40 01 00 00 49 8b
0x00007ff8ff3c7eb6:   5b 38 49 8b 73 40 49 8b 7b 48 49 8b e3 41 5f 41 


Stack slot to memory mapping:
stack at sp + 0 slots: 0x000000000000000f is an unknown value
stack at sp + 1 slots: 0x0000000000020000 is an unknown value
stack at sp + 2 slots: 0x00000000c0000000 is an oop: [B 
{0x00000000c0000000} - klass: {type array byte}
 - length: 3527530
stack at sp + 3 slots: 0x00007ff8ff53282e jvm.dll
stack at sp + 4 slots: 0x000002768b5cd090 is at entry_point+-784 in (nmethod*)0x000002768b5cd090
Compiled method (c1) 4062743 1789       1       java.lang.invoke.LambdaFormEditor::bindArgumentForm (269 bytes)
 total in heap  [0x000002768b5cd090,0x000002768b5ce800] = 6000
 relocation     [0x000002768b5cd1e8,0x000002768b5cd388] = 416
 main code      [0x000002768b5cd3a0,0x000002768b5cde40] = 2720
 stub code      [0x000002768b5cde40,0x000002768b5cdfe8] = 424
 metadata       [0x000002768b5cdfe8,0x000002768b5ce058] = 112
 scopes data    [0x000002768b5ce058,0x000002768b5ce490] = 1080
 scopes pcs     [0x000002768b5ce490,0x000002768b5ce790] = 768
 dependencies   [0x000002768b5ce790,0x000002768b5ce7a0] = 16
 nul chk table  [0x000002768b5ce7a0,0x000002768b5ce800] = 96
stack at sp + 5 slots: 0x00000276862b71d0 points into unknown readable memory: 0x0000000300000001 | 01 00 00 00 03 00 00 00
stack at sp + 6 slots: 0x0 is NULL
stack at sp + 7 slots: 0x00000276862b71d0 points into unknown readable memory: 0x0000000300000001 | 01 00 00 00 03 00 00 00


---------------  P R O C E S S  ---------------

Threads class SMR info:
_java_thread_list=0x000002769a32c7e0, length=42, elements={
0x0000027693325500, 0x00000276933272a0, 0x00000276934602a0, 0x0000027693460e30,
0x0000027693461700, 0x0000027693461fd0, 0x00000276934668c0, 0x0000027693492500,
0x000002769366f400, 0x0000027693673ba0, 0x0000027698ade460, 0x0000027699064950,
0x0000027698a59460, 0x000002768850d920, 0x00000276993f27d0, 0x0000027699418040,
0x000002769941e270, 0x0000027699421000, 0x000002769941ec90, 0x00000276994205e0,
0x000002769941dd60, 0x00000276994ae050, 0x00000276994ac1f0, 0x00000276994aadb0,
0x00000276994aea70, 0x00000276994a9460, 0x00000276994ad120, 0x00000276994a7b10,
0x00000276994af490, 0x00000276994a8f50, 0x00000276994adb40, 0x00000276994ae560,
0x00000276994aa390, 0x00000276994aa8a0, 0x00000276994ab7d0, 0x00000276994ac700,
0x00000276994a8530, 0x000002769941d850, 0x000002769941f1a0, 0x0000027699bfd000,
0x00000276994a9e80, 0x00000276994acc10
}

Java Threads: ( => current thread )
  0x0000027693325500 JavaThread "Reference Handler" daemon [_thread_blocked, id=3088, stack(0x00000096bc100000,0x00000096bc200000)]
  0x00000276933272a0 JavaThread "Finalizer" daemon [_thread_blocked, id=8220, stack(0x00000096bc200000,0x00000096bc300000)]
  0x00000276934602a0 JavaThread "Signal Dispatcher" daemon [_thread_blocked, id=13692, stack(0x00000096bc300000,0x00000096bc400000)]
  0x0000027693460e30 JavaThread "Attach Listener" daemon [_thread_blocked, id=6540, stack(0x00000096bc400000,0x00000096bc500000)]
  0x0000027693461700 JavaThread "Service Thread" daemon [_thread_blocked, id=17052, stack(0x00000096bc500000,0x00000096bc600000)]
  0x0000027693461fd0 JavaThread "Monitor Deflation Thread" daemon [_thread_blocked, id=6188, stack(0x00000096bc600000,0x00000096bc700000)]
  0x00000276934668c0 JavaThread "C1 CompilerThread0" daemon [_thread_blocked, id=4084, stack(0x00000096bc700000,0x00000096bc800000)]
  0x0000027693492500 JavaThread "Sweeper thread" daemon [_thread_blocked, id=10400, stack(0x00000096bc800000,0x00000096bc900000)]
  0x000002769366f400 JavaThread "Notification Thread" daemon [_thread_blocked, id=1892, stack(0x00000096bc900000,0x00000096bca00000)]
  0x0000027693673ba0 JavaThread "Common-Cleaner" daemon [_thread_blocked, id=3532, stack(0x00000096bcb00000,0x00000096bcc00000)]
  0x0000027698ade460 JavaThread "boundedElastic-evictor-1" daemon [_thread_blocked, id=15564, stack(0x00000096bd600000,0x00000096bd700000)]
  0x0000027699064950 JavaThread "pool-13-thread-1" [_thread_blocked, id=7180, stack(0x00000096bd700000,0x00000096bd800000)]
  0x0000027698a59460 JavaThread "LanguageServerApp-lifecycle" [_thread_blocked, id=17744, stack(0x00000096bd800000,0x00000096bd900000)]
  0x000002768850d920 JavaThread "DestroyJavaVM" [_thread_blocked, id=16432, stack(0x00000096bba00000,0x00000096bbb00000)]
  0x00000276993f27d0 JavaThread "pool-14-thread-1" [_thread_blocked, id=15180, stack(0x00000096bd900000,0x00000096bda00000)]
  0x0000027699418040 JavaThread "Simple-Language-Server main thread" daemon [_thread_blocked, id=6648, stack(0x00000096bda00000,0x00000096bdb00000)]
  0x000002769941e270 JavaThread "pool-8-thread-1" [_thread_blocked, id=11212, stack(0x00000096be000000,0x00000096be100000)]
  0x0000027699421000 JavaThread "parallel-1" daemon [_thread_blocked, id=18476, stack(0x00000096be100000,0x00000096be200000)]
  0x000002769941ec90 JavaThread "pool-6-thread-1" [_thread_blocked, id=17268, stack(0x00000096be200000,0x00000096be300000)]
  0x00000276994205e0 JavaThread "parallel-2" daemon [_thread_blocked, id=16420, stack(0x00000096be300000,0x00000096be400000)]
  0x000002769941dd60 JavaThread "parallel-3" daemon [_thread_blocked, id=7484, stack(0x00000096be400000,0x00000096be500000)]
  0x00000276994ae050 JavaThread "Reconciler-1" daemon [_thread_blocked, id=11172, stack(0x00000096bea00000,0x00000096beb00000)]
  0x00000276994ac1f0 JavaThread "parallel-4" daemon [_thread_blocked, id=18236, stack(0x00000096bec00000,0x00000096bed00000)]
  0x00000276994aadb0 JavaThread "parallel-5" daemon [_thread_blocked, id=6908, stack(0x00000096bed00000,0x00000096bee00000)]
  0x00000276994aea70 JavaThread "CompletableFutureDelayScheduler" daemon [_thread_blocked, id=8696, stack(0x00000096bd200000,0x00000096bd300000)]
  0x00000276994a9460 JavaThread "pool-7-thread-1" [_thread_blocked, id=11660, stack(0x00000096bee00000,0x00000096bef00000)]
  0x00000276994ad120 JavaThread "RMI Scheduler(0)" daemon [_thread_blocked, id=18788, stack(0x00000096bf900000,0x00000096bfa00000)]
  0x00000276994a7b10 JavaThread "pool-7-thread-2" [_thread_blocked, id=5384, stack(0x00000096bfd00000,0x00000096bfe00000)]
  0x00000276994af490 JavaThread "pool-7-thread-3" [_thread_blocked, id=9452, stack(0x00000096c0100000,0x00000096c0200000)]
  0x00000276994a8f50 JavaThread "pool-7-thread-4" [_thread_blocked, id=3816, stack(0x00000096bff00000,0x00000096c0000000)]
  0x00000276994adb40 JavaThread "pool-7-thread-5" [_thread_blocked, id=1676, stack(0x00000096bb800000,0x00000096bb900000)]
  0x00000276994ae560 JavaThread "pool-7-thread-6" [_thread_blocked, id=18968, stack(0x00000096bdd00000,0x00000096bde00000)]
  0x00000276994aa390 JavaThread "pool-7-thread-7" [_thread_blocked, id=5580, stack(0x00000096be600000,0x00000096be700000)]
  0x00000276994aa8a0 JavaThread "pool-7-thread-8" [_thread_blocked, id=9376, stack(0x00000096be700000,0x00000096be800000)]
  0x00000276994ab7d0 JavaThread "pool-7-thread-9" [_thread_blocked, id=14972, stack(0x00000096be800000,0x00000096be900000)]
  0x00000276994ac700 JavaThread "pool-7-thread-10" [_thread_blocked, id=10228, stack(0x00000096be900000,0x00000096bea00000)]
  0x00000276994a8530 JavaThread "parallel-6" daemon [_thread_blocked, id=12392, stack(0x00000096bd000000,0x00000096bd100000)]
  0x000002769941d850 JavaThread "parallel-7" daemon [_thread_blocked, id=10048, stack(0x00000096bf000000,0x00000096bf100000)]
  0x000002769941f1a0 JavaThread "parallel-8" daemon [_thread_blocked, id=4652, stack(0x00000096bf100000,0x00000096bf200000)]
  0x0000027699bfd000 JavaThread "RMI GC Daemon" daemon [_thread_blocked, id=14568, stack(0x00000096bf200000,0x00000096bf300000)]
  0x00000276994a9e80 JavaThread "RMI RenewClean-[localhost:63080]" daemon [_thread_blocked, id=20516, stack(0x00000096bf300000,0x00000096bf400000)]
  0x00000276994acc10 JavaThread "JMX client heartbeat 5" daemon [_thread_blocked, id=5512, stack(0x00000096bf600000,0x00000096bf700000)]

Other Threads:
  0x0000027693312700 VMThread "VM Thread" [stack: 0x00000096bc000000,0x00000096bc100000] [id=14712]
  0x000002769366f8e0 WatcherThread [stack: 0x00000096bca00000,0x00000096bcb00000] [id=3472]
  0x000002768854bbf0 GCTaskThread "GC Thread#0" [stack: 0x00000096bbb00000,0x00000096bbc00000] [id=15756]
  0x00000276937918b0 GCTaskThread "GC Thread#1" [stack: 0x00000096bb900000,0x00000096bba00000] [id=15816]
  0x0000027693791b70 GCTaskThread "GC Thread#2" [stack: 0x00000096bcc00000,0x00000096bcd00000] [id=12236]
=>0x00000276937c9710 GCTaskThread "GC Thread#3" [stack: 0x00000096bcd00000,0x00000096bce00000] [id=16540]
  0x0000027698675780 GCTaskThread "GC Thread#4" [stack: 0x00000096bce00000,0x00000096bcf00000] [id=3116]
  0x0000027698675a40 GCTaskThread "GC Thread#5" [stack: 0x00000096bcf00000,0x00000096bd000000] [id=10068]
  0x0000027698d29170 GCTaskThread "GC Thread#6" [stack: 0x00000096bd300000,0x00000096bd400000] [id=11280]
  0x0000027698d2a050 GCTaskThread "GC Thread#7" [stack: 0x00000096bd400000,0x00000096bd500000] [id=18368]
  0x0000027688554a50 ConcurrentGCThread "G1 Main Marker" [stack: 0x00000096bbc00000,0x00000096bbd00000] [id=4408]
  0x0000027688555380 ConcurrentGCThread "G1 Conc#0" [stack: 0x00000096bbd00000,0x00000096bbe00000] [id=4204]
  0x0000027698d018b0 ConcurrentGCThread "G1 Conc#1" [stack: 0x00000096bd500000,0x00000096bd600000] [id=16056]
  0x00000276931824c0 ConcurrentGCThread "G1 Refine#0" [stack: 0x00000096bbe00000,0x00000096bbf00000] [id=8528]
  0x00000276931836e0 ConcurrentGCThread "G1 Service" [stack: 0x00000096bbf00000,0x00000096bc000000] [id=16272]

Threads with active compile tasks:

VM state: at safepoint (normal execution)

VM Mutex/Monitor currently owned by a thread:  ([mutex/lock_event])
[0x00000276862c4bd0] Threads_lock - owner thread: 0x0000027693312700
[0x00000276862be8e0] Heap_lock - owner thread: 0x0000027699064950

Heap address: 0x00000000c0000000, size: 1024 MB, Compressed Oops mode: 32-bit

CDS archive(s) not mapped
Compressed class space mapped at: 0x0000000100000000-0x0000000140000000, reserved size: 1073741824
Narrow klass base: 0x0000000000000000, Narrow klass shift: 3, Narrow klass range: 0x140000000

GC Precious Log:
 CPUs: 8 total, 8 available
 Memory: 8108M
 Large Page Support: Disabled
 NUMA Support: Disabled
 Compressed Oops: Enabled (32-bit)
 Heap Region Size: 1M
 Heap Min Capacity: 8M
 Heap Initial Capacity: 128M
 Heap Max Capacity: 1G
 Pre-touch: Disabled
 Parallel Workers: 8
 Concurrent Workers: 2
 Concurrent Refinement Workers: 8
 Periodic GC: Disabled

Heap:
 garbage-first heap   total 126976K, used 39931K [0x00000000c0000000, 0x0000000100000000)
  region size 1024K, 1 young (1024K), 0 survivors (0K)
 Metaspace       used 62727K, committed 63168K, reserved 1114112K
  class space    used 7990K, committed 8192K, reserved 1048576K

Heap Regions: E=young(eden), S=young(survivor), O=old, HS=humongous(starts), HC=humongous(continues), CS=collection set, F=free, OA=open archive, CA=closed archive, TAMS=top-at-mark-start (previous, next)
|   0|0x00000000c0000000, 0x00000000c0100000, 0x00000000c0100000|100%|HS|  |TAMS 0x00000000c0100000, 0x00000000c0000000| Untracked 
|   1|0x00000000c0100000, 0x00000000c0200000, 0x00000000c0200000|100%|HC|  |TAMS 0x00000000c0200000, 0x00000000c0100000| Untracked 
|   2|0x00000000c0200000, 0x00000000c0300000, 0x00000000c0300000|100%|HC|  |TAMS 0x00000000c0300000, 0x00000000c0200000| Untracked 
|   3|0x00000000c0300000, 0x00000000c0400000, 0x00000000c0400000|100%|HC|  |TAMS 0x00000000c0400000, 0x00000000c0300000| Untracked 
|   4|0x00000000c0400000, 0x00000000c0500000, 0x00000000c0500000|100%|HS|  |TAMS 0x00000000c0500000, 0x00000000c0400000| Untracked 
|   5|0x00000000c0500000, 0x00000000c0600000, 0x00000000c0600000|100%|HC|  |TAMS 0x00000000c0600000, 0x00000000c0500000| Untracked 
|   6|0x00000000c0600000, 0x00000000c06ffbc8, 0x00000000c0700000| 99%| O|  |TAMS 0x00000000c06ffbc8, 0x00000000c0600000| Untracked 
|   7|0x00000000c0700000, 0x00000000c07fffd8, 0x00000000c0800000| 99%| O|  |TAMS 0x00000000c07fffd8, 0x00000000c0700000| Untracked 
|   8|0x00000000c0800000, 0x00000000c0900000, 0x00000000c0900000|100%| O|  |TAMS 0x00000000c0900000, 0x00000000c0800000| Untracked 
|   9|0x00000000c0900000, 0x00000000c09fffd0, 0x00000000c0a00000| 99%| O|  |TAMS 0x00000000c09fffd0, 0x00000000c0900000| Untracked 
|  10|0x00000000c0a00000, 0x00000000c0b00000, 0x00000000c0b00000|100%| O|  |TAMS 0x00000000c0b00000, 0x00000000c0a00000| Untracked 
|  11|0x00000000c0b00000, 0x00000000c0bffff8, 0x00000000c0c00000| 99%| O|  |TAMS 0x00000000c0bffff8, 0x00000000c0b00000| Untracked 
|  12|0x00000000c0c00000, 0x00000000c0cffff8, 0x00000000c0d00000| 99%| O|  |TAMS 0x00000000c0cffff8, 0x00000000c0c00000| Untracked 
|  13|0x00000000c0d00000, 0x00000000c0e00000, 0x00000000c0e00000|100%| O|  |TAMS 0x00000000c0e00000, 0x00000000c0d00000| Untracked 
|  14|0x00000000c0e00000, 0x00000000c0f00000, 0x00000000c0f00000|100%| O|  |TAMS 0x00000000c0f00000, 0x00000000c0e00000| Untracked 
|  15|0x00000000c0f00000, 0x00000000c1000000, 0x00000000c1000000|100%| O|  |TAMS 0x00000000c1000000, 0x00000000c0f00000| Untracked 
|  16|0x00000000c1000000, 0x00000000c1100000, 0x00000000c1100000|100%| O|  |TAMS 0x00000000c1100000, 0x00000000c1000000| Untracked 
|  17|0x00000000c1100000, 0x00000000c11fffe0, 0x00000000c1200000| 99%| O|  |TAMS 0x00000000c11fffe0, 0x00000000c1100000| Untracked 
|  18|0x00000000c1200000, 0x00000000c12fffb8, 0x00000000c1300000| 99%| O|  |TAMS 0x00000000c12fffb8, 0x00000000c1200000| Untracked 
|  19|0x00000000c1300000, 0x00000000c13fffd8, 0x00000000c1400000| 99%| O|  |TAMS 0x00000000c13fffd8, 0x00000000c1300000| Untracked 
|  20|0x00000000c1400000, 0x00000000c14fffe8, 0x00000000c1500000| 99%| O|  |TAMS 0x00000000c14fffe8, 0x00000000c1400000| Untracked 
|  21|0x00000000c1500000, 0x00000000c1600000, 0x00000000c1600000|100%| O|  |TAMS 0x00000000c1600000, 0x00000000c1500000| Untracked 
|  22|0x00000000c1600000, 0x00000000c1700000, 0x00000000c1700000|100%| O|  |TAMS 0x00000000c1700000, 0x00000000c1600000| Untracked 
|  23|0x00000000c1700000, 0x00000000c17fefe0, 0x00000000c1800000| 99%| O|  |TAMS 0x00000000c17fefe0, 0x00000000c1700000| Untracked 
|  24|0x00000000c1800000, 0x00000000c18ffff8, 0x00000000c1900000| 99%| O|  |TAMS 0x00000000c18ffff8, 0x00000000c1800000| Untracked 
|  25|0x00000000c1900000, 0x00000000c19fffc0, 0x00000000c1a00000| 99%| O|  |TAMS 0x00000000c19fffc0, 0x00000000c1900000| Untracked 
|  26|0x00000000c1a00000, 0x00000000c1afffe8, 0x00000000c1b00000| 99%| O|  |TAMS 0x00000000c1afffe8, 0x00000000c1a00000| Untracked 
|  27|0x00000000c1b00000, 0x00000000c1bfe1e0, 0x00000000c1c00000| 99%| O|  |TAMS 0x00000000c1bfe1e0, 0x00000000c1b00000| Untracked 
|  28|0x00000000c1c00000, 0x00000000c1cffff0, 0x00000000c1d00000| 99%| O|  |TAMS 0x00000000c1cffff0, 0x00000000c1c00000| Untracked 
|  29|0x00000000c1d00000, 0x00000000c1e00000, 0x00000000c1e00000|100%|HS|  |TAMS 0x00000000c1e00000, 0x00000000c1d00000| Untracked 
|  30|0x00000000c1e00000, 0x00000000c1efffd8, 0x00000000c1f00000| 99%| O|  |TAMS 0x00000000c1efffd8, 0x00000000c1e00000| Untracked 
|  31|0x00000000c1f00000, 0x00000000c1fffff8, 0x00000000c2000000| 99%| O|  |TAMS 0x00000000c1fffff8, 0x00000000c1f00000| Untracked 
|  32|0x00000000c2000000, 0x00000000c20fffe8, 0x00000000c2100000| 99%| O|  |TAMS 0x00000000c20fffe8, 0x00000000c2000000| Untracked 
|  33|0x00000000c2100000, 0x00000000c21fcd48, 0x00000000c2200000| 98%| O|  |TAMS 0x00000000c21fcd48, 0x00000000c2100000| Untracked 
|  34|0x00000000c2200000, 0x00000000c22fffe8, 0x00000000c2300000| 99%| O|  |TAMS 0x00000000c22fffe8, 0x00000000c2200000| Untracked 
|  35|0x00000000c2300000, 0x00000000c23e6a90, 0x00000000c2400000| 90%| O|  |TAMS 0x00000000c2300000, 0x00000000c2300000| Untracked 
|  36|0x00000000c2400000, 0x00000000c24fffc0, 0x00000000c2500000| 99%| O|  |TAMS 0x00000000c24fffc0, 0x00000000c2400000| Untracked 
|  37|0x00000000c2500000, 0x00000000c25ffff8, 0x00000000c2600000| 99%| O|  |TAMS 0x00000000c25ffff8, 0x00000000c2500000| Untracked 
|  38|0x00000000c2600000, 0x00000000c26081a0, 0x00000000c2700000|  3%| O|  |TAMS 0x00000000c2600000, 0x00000000c2600000| Untracked 
|  39|0x00000000c2700000, 0x00000000c2700000, 0x00000000c2800000|  0%| F|  |TAMS 0x00000000c2700000, 0x00000000c2700000| Untracked 
|  40|0x00000000c2800000, 0x00000000c2900000, 0x00000000c2900000|100%| O|  |TAMS 0x00000000c2900000, 0x00000000c2800000| Untracked 
|  41|0x00000000c2900000, 0x00000000c2900000, 0x00000000c2a00000|  0%| F|  |TAMS 0x00000000c2900000, 0x00000000c2900000| Untracked 
|  42|0x00000000c2a00000, 0x00000000c2a00000, 0x00000000c2b00000|  0%| F|  |TAMS 0x00000000c2a00000, 0x00000000c2a00000| Untracked 
|  43|0x00000000c2b00000, 0x00000000c2b00000, 0x00000000c2c00000|  0%| F|  |TAMS 0x00000000c2b00000, 0x00000000c2b00000| Untracked 
|  44|0x00000000c2c00000, 0x00000000c2c00000, 0x00000000c2d00000|  0%| F|  |TAMS 0x00000000c2c00000, 0x00000000c2c00000| Untracked 
|  45|0x00000000c2d00000, 0x00000000c2d00000, 0x00000000c2e00000|  0%| F|  |TAMS 0x00000000c2d00000, 0x00000000c2d00000| Untracked 
|  46|0x00000000c2e00000, 0x00000000c2e00000, 0x00000000c2f00000|  0%| F|  |TAMS 0x00000000c2e00000, 0x00000000c2e00000| Untracked 
|  47|0x00000000c2f00000, 0x00000000c2f00000, 0x00000000c3000000|  0%| F|  |TAMS 0x00000000c2f00000, 0x00000000c2f00000| Untracked 
|  48|0x00000000c3000000, 0x00000000c3000000, 0x00000000c3100000|  0%| F|  |TAMS 0x00000000c3000000, 0x00000000c3000000| Untracked 
|  49|0x00000000c3100000, 0x00000000c3100000, 0x00000000c3200000|  0%| F|  |TAMS 0x00000000c3100000, 0x00000000c3100000| Untracked 
|  50|0x00000000c3200000, 0x00000000c3200000, 0x00000000c3300000|  0%| F|  |TAMS 0x00000000c3200000, 0x00000000c3200000| Untracked 
|  51|0x00000000c3300000, 0x00000000c3300000, 0x00000000c3400000|  0%| F|  |TAMS 0x00000000c3300000, 0x00000000c3300000| Untracked 
|  52|0x00000000c3400000, 0x00000000c3400000, 0x00000000c3500000|  0%| F|  |TAMS 0x00000000c3400000, 0x00000000c3400000| Untracked 
|  53|0x00000000c3500000, 0x00000000c3500000, 0x00000000c3600000|  0%| F|  |TAMS 0x00000000c3500000, 0x00000000c3500000| Untracked 
|  54|0x00000000c3600000, 0x00000000c3600000, 0x00000000c3700000|  0%| F|  |TAMS 0x00000000c3600000, 0x00000000c3600000| Untracked 
|  55|0x00000000c3700000, 0x00000000c3700000, 0x00000000c3800000|  0%| F|  |TAMS 0x00000000c3700000, 0x00000000c3700000| Untracked 
|  56|0x00000000c3800000, 0x00000000c3800000, 0x00000000c3900000|  0%| F|  |TAMS 0x00000000c3800000, 0x00000000c3800000| Untracked 
|  57|0x00000000c3900000, 0x00000000c3900000, 0x00000000c3a00000|  0%| F|  |TAMS 0x00000000c3900000, 0x00000000c3900000| Untracked 
|  58|0x00000000c3a00000, 0x00000000c3a00000, 0x00000000c3b00000|  0%| F|  |TAMS 0x00000000c3a00000, 0x00000000c3a00000| Untracked 
|  59|0x00000000c3b00000, 0x00000000c3b00000, 0x00000000c3c00000|  0%| F|  |TAMS 0x00000000c3b00000, 0x00000000c3b00000| Untracked 
|  60|0x00000000c3c00000, 0x00000000c3c00000, 0x00000000c3d00000|  0%| F|  |TAMS 0x00000000c3c00000, 0x00000000c3c00000| Untracked 
|  61|0x00000000c3d00000, 0x00000000c3d00000, 0x00000000c3e00000|  0%| F|  |TAMS 0x00000000c3d00000, 0x00000000c3d00000| Untracked 
|  62|0x00000000c3e00000, 0x00000000c3e00000, 0x00000000c3f00000|  0%| F|  |TAMS 0x00000000c3e00000, 0x00000000c3e00000| Untracked 
|  63|0x00000000c3f00000, 0x00000000c3f00000, 0x00000000c4000000|  0%| F|  |TAMS 0x00000000c3f00000, 0x00000000c3f00000| Untracked 
|  64|0x00000000c4000000, 0x00000000c4000000, 0x00000000c4100000|  0%| F|  |TAMS 0x00000000c4000000, 0x00000000c4000000| Untracked 
|  65|0x00000000c4100000, 0x00000000c4100000, 0x00000000c4200000|  0%| F|  |TAMS 0x00000000c4100000, 0x00000000c4100000| Untracked 
|  66|0x00000000c4200000, 0x00000000c4200000, 0x00000000c4300000|  0%| F|  |TAMS 0x00000000c4200000, 0x00000000c4200000| Untracked 
|  67|0x00000000c4300000, 0x00000000c4300000, 0x00000000c4400000|  0%| F|  |TAMS 0x00000000c4300000, 0x00000000c4300000| Untracked 
|  68|0x00000000c4400000, 0x00000000c4400000, 0x00000000c4500000|  0%| F|  |TAMS 0x00000000c4400000, 0x00000000c4400000| Untracked 
|  69|0x00000000c4500000, 0x00000000c4500000, 0x00000000c4600000|  0%| F|  |TAMS 0x00000000c4500000, 0x00000000c4500000| Untracked 
|  70|0x00000000c4600000, 0x00000000c4600000, 0x00000000c4700000|  0%| F|  |TAMS 0x00000000c4600000, 0x00000000c4600000| Untracked 
|  71|0x00000000c4700000, 0x00000000c4700000, 0x00000000c4800000|  0%| F|  |TAMS 0x00000000c4700000, 0x00000000c4700000| Untracked 
|  72|0x00000000c4800000, 0x00000000c4800000, 0x00000000c4900000|  0%| F|  |TAMS 0x00000000c4800000, 0x00000000c4800000| Untracked 
|  73|0x00000000c4900000, 0x00000000c4900000, 0x00000000c4a00000|  0%| F|  |TAMS 0x00000000c4900000, 0x00000000c4900000| Untracked 
|  74|0x00000000c4a00000, 0x00000000c4a00000, 0x00000000c4b00000|  0%| F|  |TAMS 0x00000000c4a00000, 0x00000000c4a00000| Untracked 
|  75|0x00000000c4b00000, 0x00000000c4b00000, 0x00000000c4c00000|  0%| F|  |TAMS 0x00000000c4b00000, 0x00000000c4b00000| Untracked 
|  76|0x00000000c4c00000, 0x00000000c4c00000, 0x00000000c4d00000|  0%| F|  |TAMS 0x00000000c4c00000, 0x00000000c4c00000| Untracked 
|  77|0x00000000c4d00000, 0x00000000c4d00000, 0x00000000c4e00000|  0%| F|  |TAMS 0x00000000c4d00000, 0x00000000c4d00000| Untracked 
|  78|0x00000000c4e00000, 0x00000000c4e00000, 0x00000000c4f00000|  0%| F|  |TAMS 0x00000000c4e00000, 0x00000000c4e00000| Untracked 
|  79|0x00000000c4f00000, 0x00000000c4f00000, 0x00000000c5000000|  0%| F|  |TAMS 0x00000000c4f00000, 0x00000000c4f00000| Untracked 
|  80|0x00000000c5000000, 0x00000000c5000000, 0x00000000c5100000|  0%| F|  |TAMS 0x00000000c5000000, 0x00000000c5000000| Untracked 
|  81|0x00000000c5100000, 0x00000000c5100000, 0x00000000c5200000|  0%| F|  |TAMS 0x00000000c5100000, 0x00000000c5100000| Untracked 
|  82|0x00000000c5200000, 0x00000000c5200000, 0x00000000c5300000|  0%| F|  |TAMS 0x00000000c5200000, 0x00000000c5200000| Untracked 
|  83|0x00000000c5300000, 0x00000000c5300000, 0x00000000c5400000|  0%| F|  |TAMS 0x00000000c5300000, 0x00000000c5300000| Untracked 
|  84|0x00000000c5400000, 0x00000000c5400000, 0x00000000c5500000|  0%| F|  |TAMS 0x00000000c5400000, 0x00000000c5400000| Untracked 
|  85|0x00000000c5500000, 0x00000000c5500000, 0x00000000c5600000|  0%| F|  |TAMS 0x00000000c5500000, 0x00000000c5500000| Untracked 
|  86|0x00000000c5600000, 0x00000000c5600000, 0x00000000c5700000|  0%| F|  |TAMS 0x00000000c5600000, 0x00000000c5600000| Untracked 
|  87|0x00000000c5700000, 0x00000000c5700000, 0x00000000c5800000|  0%| F|  |TAMS 0x00000000c5700000, 0x00000000c5700000| Untracked 
|  88|0x00000000c5800000, 0x00000000c5800000, 0x00000000c5900000|  0%| F|  |TAMS 0x00000000c5800000, 0x00000000c5800000| Untracked 
|  89|0x00000000c5900000, 0x00000000c5900000, 0x00000000c5a00000|  0%| F|  |TAMS 0x00000000c5900000, 0x00000000c5900000| Untracked 
|  90|0x00000000c5a00000, 0x00000000c5a00000, 0x00000000c5b00000|  0%| F|  |TAMS 0x00000000c5a00000, 0x00000000c5a00000| Untracked 
|  91|0x00000000c5b00000, 0x00000000c5b00000, 0x00000000c5c00000|  0%| F|  |TAMS 0x00000000c5b00000, 0x00000000c5b00000| Untracked 
|  92|0x00000000c5c00000, 0x00000000c5c00000, 0x00000000c5d00000|  0%| F|  |TAMS 0x00000000c5c00000, 0x00000000c5c00000| Untracked 
|  93|0x00000000c5d00000, 0x00000000c5d00000, 0x00000000c5e00000|  0%| F|  |TAMS 0x00000000c5d00000, 0x00000000c5d00000| Untracked 
|  94|0x00000000c5e00000, 0x00000000c5e00000, 0x00000000c5f00000|  0%| F|  |TAMS 0x00000000c5e00000, 0x00000000c5e00000| Untracked 
|  95|0x00000000c5f00000, 0x00000000c5f00000, 0x00000000c6000000|  0%| F|  |TAMS 0x00000000c5f00000, 0x00000000c5f00000| Untracked 
|  96|0x00000000c6000000, 0x00000000c6000000, 0x00000000c6100000|  0%| F|  |TAMS 0x00000000c6000000, 0x00000000c6000000| Untracked 
|  97|0x00000000c6100000, 0x00000000c6100000, 0x00000000c6200000|  0%| F|  |TAMS 0x00000000c6100000, 0x00000000c6100000| Untracked 
|  98|0x00000000c6200000, 0x00000000c6200000, 0x00000000c6300000|  0%| F|  |TAMS 0x00000000c6200000, 0x00000000c6200000| Untracked 
|  99|0x00000000c6300000, 0x00000000c6300000, 0x00000000c6400000|  0%| F|  |TAMS 0x00000000c6300000, 0x00000000c6300000| Untracked 
| 100|0x00000000c6400000, 0x00000000c6400000, 0x00000000c6500000|  0%| F|  |TAMS 0x00000000c6400000, 0x00000000c6400000| Untracked 
| 101|0x00000000c6500000, 0x00000000c6500000, 0x00000000c6600000|  0%| F|  |TAMS 0x00000000c6500000, 0x00000000c6500000| Untracked 
| 102|0x00000000c6600000, 0x00000000c6600000, 0x00000000c6700000|  0%| F|  |TAMS 0x00000000c6600000, 0x00000000c6600000| Untracked 
| 103|0x00000000c6700000, 0x00000000c6700000, 0x00000000c6800000|  0%| F|  |TAMS 0x00000000c6700000, 0x00000000c6700000| Untracked 
| 104|0x00000000c6800000, 0x00000000c6800000, 0x00000000c6900000|  0%| F|  |TAMS 0x00000000c6800000, 0x00000000c6800000| Untracked 
| 105|0x00000000c6900000, 0x00000000c6900000, 0x00000000c6a00000|  0%| F|  |TAMS 0x00000000c6900000, 0x00000000c6900000| Untracked 
| 106|0x00000000c6a00000, 0x00000000c6a00000, 0x00000000c6b00000|  0%| F|  |TAMS 0x00000000c6a00000, 0x00000000c6a00000| Untracked 
| 107|0x00000000c6b00000, 0x00000000c6b00000, 0x00000000c6c00000|  0%| F|  |TAMS 0x00000000c6b00000, 0x00000000c6b00000| Untracked 
| 108|0x00000000c6c00000, 0x00000000c6c00000, 0x00000000c6d00000|  0%| F|  |TAMS 0x00000000c6c00000, 0x00000000c6c00000| Untracked 
| 109|0x00000000c6d00000, 0x00000000c6d00000, 0x00000000c6e00000|  0%| F|  |TAMS 0x00000000c6d00000, 0x00000000c6d00000| Untracked 
| 110|0x00000000c6e00000, 0x00000000c6e00000, 0x00000000c6f00000|  0%| F|  |TAMS 0x00000000c6e00000, 0x00000000c6e00000| Untracked 
| 111|0x00000000c6f00000, 0x00000000c6f00000, 0x00000000c7000000|  0%| F|  |TAMS 0x00000000c6f00000, 0x00000000c6f00000| Untracked 
| 112|0x00000000c7000000, 0x00000000c7000000, 0x00000000c7100000|  0%| F|  |TAMS 0x00000000c7000000, 0x00000000c7000000| Untracked 
| 113|0x00000000c7100000, 0x00000000c7100000, 0x00000000c7200000|  0%| F|  |TAMS 0x00000000c7100000, 0x00000000c7100000| Untracked 
| 114|0x00000000c7200000, 0x00000000c7200000, 0x00000000c7300000|  0%| F|  |TAMS 0x00000000c7200000, 0x00000000c7200000| Untracked 
| 115|0x00000000c7300000, 0x00000000c7300000, 0x00000000c7400000|  0%| F|  |TAMS 0x00000000c7300000, 0x00000000c7300000| Untracked 
| 116|0x00000000c7400000, 0x00000000c7400000, 0x00000000c7500000|  0%| F|  |TAMS 0x00000000c7400000, 0x00000000c7400000| Untracked 
| 117|0x00000000c7500000, 0x00000000c7500000, 0x00000000c7600000|  0%| F|  |TAMS 0x00000000c7500000, 0x00000000c7500000| Untracked 
| 118|0x00000000c7600000, 0x00000000c7600000, 0x00000000c7700000|  0%| F|  |TAMS 0x00000000c7600000, 0x00000000c7600000| Untracked 
| 119|0x00000000c7700000, 0x00000000c7700000, 0x00000000c7800000|  0%| F|  |TAMS 0x00000000c7700000, 0x00000000c7700000| Untracked 
| 120|0x00000000c7800000, 0x00000000c7800000, 0x00000000c7900000|  0%| F|  |TAMS 0x00000000c7800000, 0x00000000c7800000| Untracked 
| 121|0x00000000c7900000, 0x00000000c7900000, 0x00000000c7a00000|  0%| F|  |TAMS 0x00000000c7900000, 0x00000000c7900000| Untracked 
| 122|0x00000000c7a00000, 0x00000000c7a00000, 0x00000000c7b00000|  0%| F|  |TAMS 0x00000000c7a00000, 0x00000000c7a00000| Untracked 
| 123|0x00000000c7b00000, 0x00000000c7b167e0, 0x00000000c7c00000|  8%| E|  |TAMS 0x00000000c7b00000, 0x00000000c7b00000| Complete 

Card table byte_map: [0x000002768e4a0000,0x000002768e6a0000] _byte_map_base: 0x000002768dea0000

Marking Bits (Prev, Next): (CMBitMap*) 0x000002768854c120, (CMBitMap*) 0x000002768854c160
 Prev Bits: [0x000002768e8a0000, 0x000002768f8a0000)
 Next Bits: [0x000002768f8a0000, 0x00000276908a0000)

Polling page: 0x0000027686430000

Metaspace:

Usage:
  Non-class:     53.45 MB used.
      Class:      7.80 MB used.
       Both:     61.26 MB used.

Virtual space:
  Non-class space:       64.00 MB reserved,      53.69 MB ( 84%) committed,  1 nodes.
      Class space:        1.00 GB reserved,       8.00 MB ( <1%) committed,  1 nodes.
             Both:        1.06 GB reserved,      61.69 MB (  6%) committed. 

Chunk freelists:
   Non-Class:  9.97 MB
       Class:  8.03 MB
        Both:  18.00 MB

MaxMetaspaceSize: unlimited
CompressedClassSpaceSize: 1.00 GB
Initial GC threshold: 21.00 MB
Current GC threshold: 103.12 MB
CDS: off
MetaspaceReclaimPolicy: balanced
 - commit_granule_bytes: 65536.
 - commit_granule_words: 8192.
 - virtual_space_node_default_size: 8388608.
 - enlarge_chunks_in_place: 1.
 - new_chunks_are_fully_committed: 0.
 - uncommit_free_chunks: 1.
 - use_allocation_guard: 0.
 - handle_deallocations: 1.


Internal statistics:

num_allocs_failed_limit: 6.
num_arena_births: 1152.
num_arena_deaths: 586.
num_vsnodes_births: 2.
num_vsnodes_deaths: 0.
num_space_committed: 990.
num_space_uncommitted: 3.
num_chunks_returned_to_freelist: 787.
num_chunks_taken_from_freelist: 3427.
num_chunk_merges: 232.
num_chunk_splits: 2077.
num_chunks_enlarged: 1461.
num_inconsistent_stats: 0.

CodeCache: size=49152Kb used=21440Kb max_used=21953Kb free=27711Kb
 bounds [0x000002768b190000, 0x000002768c720000, 0x000002768e190000]
 total_blobs=11787 nmethods=11095 adapters=617
 compilation: enabled
              stopped_count=0, restarted_count=0
 full_count=0

Compilation events (20 events):
Event: 3815.166 Thread 0x00000276934668c0 11091       1       java.net.InetSocketAddress$InetSocketAddressHolder::getPort (5 bytes)
Event: 3815.167 Thread 0x00000276934668c0 nmethod 11091 0x000002768c5f7490 code [0x000002768c5f7620, 0x000002768c5f76f8]
Event: 3907.726 Thread 0x00000276934668c0 11094   !   1       java.io.ObjectStreamClass::getPrivateMethod (56 bytes)
Event: 3907.729 Thread 0x00000276934668c0 nmethod 11094 0x000002768c5f6590 code [0x000002768c5f6760, 0x000002768c5f6998]
Event: 3907.729 Thread 0x00000276934668c0 11095       1       jdk.internal.reflect.ClassFileAssembler::decStack (11 bytes)
Event: 3907.729 Thread 0x00000276934668c0 nmethod 11095 0x000002768c5f6290 code [0x000002768c5f6420, 0x000002768c5f64f8]
Event: 3907.729 Thread 0x00000276934668c0 11096       1       java.lang.reflect.Constructor::getSignature (5 bytes)
Event: 3907.729 Thread 0x00000276934668c0 nmethod 11096 0x000002768c5f5f90 code [0x000002768c5f6120, 0x000002768c5f61f8]
Event: 3927.153 Thread 0x00000276934668c0 11097       1       java.lang.ProcessImpl::createCommandLine (303 bytes)
Event: 3927.156 Thread 0x00000276934668c0 nmethod 11097 0x000002768c5f4b10 code [0x000002768c5f4de0, 0x000002768c5f5708]
Event: 3928.384 Thread 0x00000276934668c0 11098       1       org.eclipse.jdt.internal.compiler.lookup.LookupEnvironment::createPlainPackage (348 bytes)
Event: 3928.388 Thread 0x00000276934668c0 nmethod 11098 0x000002768c5f2c90 code [0x000002768c5f3020, 0x000002768c5f40d8]
Event: 3952.780 Thread 0x00000276934668c0 11099       1       sun.rmi.transport.tcp.TCPConnection::expired (15 bytes)
Event: 3952.781 Thread 0x00000276934668c0 nmethod 11099 0x000002768c5f2990 code [0x000002768c5f2b20, 0x000002768c5f2bf8]
Event: 4040.903 Thread 0x00000276934668c0 11100       1       sun.security.action.GetPropertyAction::privilegedGetProperty (28 bytes)
Event: 4040.905 Thread 0x00000276934668c0 nmethod 11100 0x000002768c5f2010 code [0x000002768c5f2220, 0x000002768c5f2698]
Event: 4057.789 Thread 0x00000276934668c0 11102   !   1       sun.rmi.transport.tcp.TCPChannel::freeCachedConnections (141 bytes)
Event: 4057.791 Thread 0x00000276934668c0 nmethod 11102 0x000002768c5f1610 code [0x000002768c5f1820, 0x000002768c5f1c68]
Event: 4057.791 Thread 0x00000276934668c0 11101       1       sun.rmi.transport.tcp.TCPChannel$1::run (19 bytes)
Event: 4057.791 Thread 0x00000276934668c0 nmethod 11101 0x000002768c5f1290 code [0x000002768c5f1440, 0x000002768c5f1558]

GC Heap History (20 events):
Event: 3927.805 GC heap after
{Heap after GC invocations=332 (full 228):
 garbage-first heap   total 126976K, used 39826K [0x00000000c0000000, 0x0000000100000000)
  region size 1024K, 0 young (0K), 0 survivors (0K)
 Metaspace       used 62737K, committed 63168K, reserved 1114112K
  class space    used 7992K, committed 8192K, reserved 1048576K
}
Event: 3968.164 GC heap before
{Heap before GC invocations=332 (full 228):
 garbage-first heap   total 126976K, used 70546K [0x00000000c0000000, 0x0000000100000000)
  region size 1024K, 31 young (31744K), 0 survivors (0K)
 Metaspace       used 62737K, committed 63168K, reserved 1114112K
  class space    used 7992K, committed 8192K, reserved 1048576K
}
Event: 3968.257 GC heap after
{Heap after GC invocations=333 (full 229):
 garbage-first heap   total 126976K, used 40133K [0x00000000c0000000, 0x0000000100000000)
  region size 1024K, 0 young (0K), 0 survivors (0K)
 Metaspace       used 62737K, committed 63168K, reserved 1114112K
  class space    used 7992K, committed 8192K, reserved 1048576K
}
Event: 3978.601 GC heap before
{Heap before GC invocations=333 (full 229):
 garbage-first heap   total 126976K, used 40133K [0x00000000c0000000, 0x0000000100000000)
  region size 1024K, 1 young (1024K), 0 survivors (0K)
 Metaspace       used 62737K, committed 63168K, reserved 1114112K
  class space    used 7992K, committed 8192K, reserved 1048576K
}
Event: 3978.689 GC heap after
{Heap after GC invocations=334 (full 230):
 garbage-first heap   total 126976K, used 40133K [0x00000000c0000000, 0x0000000100000000)
  region size 1024K, 0 young (0K), 0 survivors (0K)
 Metaspace       used 62737K, committed 63168K, reserved 1114112K
  class space    used 7992K, committed 8192K, reserved 1048576K
}
Event: 3988.997 GC heap before
{Heap before GC invocations=334 (full 230):
 garbage-first heap   total 126976K, used 40133K [0x00000000c0000000, 0x0000000100000000)
  region size 1024K, 1 young (1024K), 0 survivors (0K)
 Metaspace       used 62737K, committed 63168K, reserved 1114112K
  class space    used 7992K, committed 8192K, reserved 1048576K
}
Event: 3989.086 GC heap after
{Heap after GC invocations=335 (full 231):
 garbage-first heap   total 126976K, used 40131K [0x00000000c0000000, 0x0000000100000000)
  region size 1024K, 0 young (0K), 0 survivors (0K)
 Metaspace       used 62737K, committed 63168K, reserved 1114112K
  class space    used 7992K, committed 8192K, reserved 1048576K
}
Event: 3999.402 GC heap before
{Heap before GC invocations=335 (full 231):
 garbage-first heap   total 126976K, used 40131K [0x00000000c0000000, 0x0000000100000000)
  region size 1024K, 1 young (1024K), 0 survivors (0K)
 Metaspace       used 62737K, committed 63168K, reserved 1114112K
  class space    used 7992K, committed 8192K, reserved 1048576K
}
Event: 3999.491 GC heap after
{Heap after GC invocations=336 (full 232):
 garbage-first heap   total 126976K, used 40131K [0x00000000c0000000, 0x0000000100000000)
  region size 1024K, 0 young (0K), 0 survivors (0K)
 Metaspace       used 62737K, committed 63168K, reserved 1114112K
  class space    used 7992K, committed 8192K, reserved 1048576K
}
Event: 4009.819 GC heap before
{Heap before GC invocations=336 (full 232):
 garbage-first heap   total 126976K, used 40131K [0x00000000c0000000, 0x0000000100000000)
  region size 1024K, 1 young (1024K), 0 survivors (0K)
 Metaspace       used 62737K, committed 63168K, reserved 1114112K
  class space    used 7992K, committed 8192K, reserved 1048576K
}
Event: 4009.944 GC heap after
{Heap after GC invocations=337 (full 233):
 garbage-first heap   total 126976K, used 40131K [0x00000000c0000000, 0x0000000100000000)
  region size 1024K, 0 young (0K), 0 survivors (0K)
 Metaspace       used 62727K, committed 63168K, reserved 1114112K
  class space    used 7990K, committed 8192K, reserved 1048576K
}
Event: 4020.354 GC heap before
{Heap before GC invocations=337 (full 233):
 garbage-first heap   total 126976K, used 40131K [0x00000000c0000000, 0x0000000100000000)
  region size 1024K, 1 young (1024K), 0 survivors (0K)
 Metaspace       used 62727K, committed 63168K, reserved 1114112K
  class space    used 7990K, committed 8192K, reserved 1048576K
}
Event: 4020.474 GC heap after
{Heap after GC invocations=338 (full 234):
 garbage-first heap   total 126976K, used 40131K [0x00000000c0000000, 0x0000000100000000)
  region size 1024K, 0 young (0K), 0 survivors (0K)
 Metaspace       used 62727K, committed 63168K, reserved 1114112K
  class space    used 7990K, committed 8192K, reserved 1048576K
}
Event: 4030.815 GC heap before
{Heap before GC invocations=338 (full 234):
 garbage-first heap   total 126976K, used 40131K [0x00000000c0000000, 0x0000000100000000)
  region size 1024K, 1 young (1024K), 0 survivors (0K)
 Metaspace       used 62727K, committed 63168K, reserved 1114112K
  class space    used 7990K, committed 8192K, reserved 1048576K
}
Event: 4030.902 GC heap after
{Heap after GC invocations=339 (full 235):
 garbage-first heap   total 126976K, used 39841K [0x00000000c0000000, 0x0000000100000000)
  region size 1024K, 0 young (0K), 0 survivors (0K)
 Metaspace       used 62727K, committed 63168K, reserved 1114112K
  class space    used 7990K, committed 8192K, reserved 1048576K
}
Event: 4041.217 GC heap before
{Heap before GC invocations=339 (full 235):
 garbage-first heap   total 126976K, used 39841K [0x00000000c0000000, 0x0000000100000000)
  region size 1024K, 1 young (1024K), 0 survivors (0K)
 Metaspace       used 62727K, committed 63168K, reserved 1114112K
  class space    used 7990K, committed 8192K, reserved 1048576K
}
Event: 4041.307 GC heap after
{Heap after GC invocations=340 (full 236):
 garbage-first heap   total 126976K, used 39841K [0x00000000c0000000, 0x0000000100000000)
  region size 1024K, 0 young (0K), 0 survivors (0K)
 Metaspace       used 62727K, committed 63168K, reserved 1114112K
  class space    used 7990K, committed 8192K, reserved 1048576K
}
Event: 4051.720 GC heap before
{Heap before GC invocations=340 (full 236):
 garbage-first heap   total 126976K, used 39841K [0x00000000c0000000, 0x0000000100000000)
  region size 1024K, 1 young (1024K), 0 survivors (0K)
 Metaspace       used 62727K, committed 63168K, reserved 1114112K
  class space    used 7990K, committed 8192K, reserved 1048576K
}
Event: 4051.833 GC heap after
{Heap after GC invocations=341 (full 237):
 garbage-first heap   total 126976K, used 39841K [0x00000000c0000000, 0x0000000100000000)
  region size 1024K, 0 young (0K), 0 survivors (0K)
 Metaspace       used 62727K, committed 63168K, reserved 1114112K
  class space    used 7990K, committed 8192K, reserved 1048576K
}
Event: 4062.213 GC heap before
{Heap before GC invocations=341 (full 237):
 garbage-first heap   total 126976K, used 39841K [0x00000000c0000000, 0x0000000100000000)
  region size 1024K, 1 young (1024K), 0 survivors (0K)
 Metaspace       used 62727K, committed 63168K, reserved 1114112K
  class space    used 7990K, committed 8192K, reserved 1048576K
}

Dll operation events (11 events):
Event: 0.036 Loaded shared library c:\Users\fatim\.vscode\extensions\redhat.java-1.30.0-win32-x64\jre\17.0.10-win32-x86_64\bin\java.dll
Event: 1.862 Loaded shared library C:\Users\fatim\.vscode\extensions\redhat.java-1.30.0-win32-x64\jre\17.0.10-win32-x86_64\bin\net.dll
Event: 1.869 Loaded shared library C:\Users\fatim\.vscode\extensions\redhat.java-1.30.0-win32-x64\jre\17.0.10-win32-x86_64\bin\nio.dll
Event: 2.145 Loaded shared library C:\Users\fatim\.vscode\extensions\redhat.java-1.30.0-win32-x64\jre\17.0.10-win32-x86_64\bin\zip.dll
Event: 95.688 Loaded shared library C:\Users\fatim\.vscode\extensions\redhat.java-1.30.0-win32-x64\jre\17.0.10-win32-x86_64\bin\jimage.dll
Event: 120.105 Loaded shared library c:\Users\fatim\.vscode\extensions\redhat.java-1.30.0-win32-x64\jre\17.0.10-win32-x86_64\bin\verify.dll
Event: 125.837 Loaded shared library C:\Users\fatim\.vscode\extensions\redhat.java-1.30.0-win32-x64\jre\17.0.10-win32-x86_64\bin\management.dll
Event: 125.849 Loaded shared library C:\Users\fatim\.vscode\extensions\redhat.java-1.30.0-win32-x64\jre\17.0.10-win32-x86_64\bin\management_ext.dll
Event: 129.046 Loaded shared library C:\Users\fatim\.vscode\extensions\redhat.java-1.30.0-win32-x64\jre\17.0.10-win32-x86_64\bin\sunmscapi.dll
Event: 129.861 Loaded shared library C:\Users\fatim\.vscode\extensions\redhat.java-1.30.0-win32-x64\jre\17.0.10-win32-x86_64\bin\extnet.dll
Event: 167.734 Loaded shared library C:\Users\fatim\.vscode\extensions\redhat.java-1.30.0-win32-x64\jre\17.0.10-win32-x86_64\bin\rmi.dll

Deoptimization events (20 events):
Event: 215.826 Thread 0x00000276993f27d0 DEOPT PACKING pc=0x000002768b829b54 sp=0x00000096bd9fec30
Event: 215.826 Thread 0x00000276993f27d0 DEOPT UNPACKING pc=0x000002768b1e7143 sp=0x00000096bd9fe0b8 mode 0
Event: 215.926 Thread 0x000002769941ec90 DEOPT PACKING pc=0x000002768ba3820c sp=0x00000096be2fe2c0
Event: 215.927 Thread 0x000002769941ec90 DEOPT UNPACKING pc=0x000002768b1e7143 sp=0x00000096be2fd828 mode 0
Event: 215.927 Thread 0x000002769941ec90 DEOPT PACKING pc=0x000002768ba5244c sp=0x00000096be2fe3f0
Event: 215.927 Thread 0x000002769941ec90 DEOPT UNPACKING pc=0x000002768b1e7143 sp=0x00000096be2fd8d0 mode 0
Event: 215.927 Thread 0x000002769941ec90 DEOPT PACKING pc=0x000002768ba3820c sp=0x00000096be2fe520
Event: 215.927 Thread 0x000002769941ec90 DEOPT UNPACKING pc=0x000002768b1e7143 sp=0x00000096be2fda88 mode 0
Event: 215.927 Thread 0x000002769941ec90 DEOPT PACKING pc=0x000002768ba5244c sp=0x00000096be2fe650
Event: 215.927 Thread 0x000002769941ec90 DEOPT UNPACKING pc=0x000002768b1e7143 sp=0x00000096be2fdb30 mode 0
Event: 215.927 Thread 0x000002769941ec90 DEOPT PACKING pc=0x000002768bcf5b2c sp=0x00000096be2fe6f0
Event: 215.927 Thread 0x000002769941ec90 DEOPT UNPACKING pc=0x000002768b1e7143 sp=0x00000096be2fdbc8 mode 0
Event: 215.927 Thread 0x000002769941ec90 DEOPT PACKING pc=0x000002768bcd6974 sp=0x00000096be2fe810
Event: 215.927 Thread 0x000002769941ec90 DEOPT UNPACKING pc=0x000002768b1e7143 sp=0x00000096be2fdce0 mode 0
Event: 215.950 Thread 0x000002769941ec90 DEOPT PACKING pc=0x000002768ba3820c sp=0x00000096be2fe970
Event: 215.950 Thread 0x000002769941ec90 DEOPT UNPACKING pc=0x000002768b1e7143 sp=0x00000096be2fded8 mode 0
Event: 215.950 Thread 0x000002769941ec90 DEOPT PACKING pc=0x000002768ba5244c sp=0x00000096be2feaa0
Event: 215.950 Thread 0x000002769941ec90 DEOPT UNPACKING pc=0x000002768b1e7143 sp=0x00000096be2fdf98 mode 0
Event: 3050.178 Thread 0x0000027699bfd510 DEOPT PACKING pc=0x000002768bc9a4b4 sp=0x00000096bdbfe800
Event: 3050.178 Thread 0x0000027699bfd510 DEOPT UNPACKING pc=0x000002768b1e7143 sp=0x00000096bdbfdd48 mode 0

Classes unloaded (20 events):
Event: 3684.521 Thread 0x0000027693312700 Unloading class 0x00000001007fcc00 'jdk/internal/reflect/GeneratedSerializationConstructorAccessor69'
Event: 3684.521 Thread 0x0000027693312700 Unloading class 0x00000001007fc000 'jdk/internal/reflect/GeneratedSerializationConstructorAccessor66'
Event: 3684.521 Thread 0x0000027693312700 Unloading class 0x000000010039e000 'jdk/internal/reflect/GeneratedSerializationConstructorAccessor65'
Event: 3684.521 Thread 0x0000027693312700 Unloading class 0x00000001003a0c00 'jdk/internal/reflect/GeneratedSerializationConstructorAccessor64'
Event: 3684.521 Thread 0x0000027693312700 Unloading class 0x00000001007adc00 'jdk/internal/reflect/GeneratedSerializationConstructorAccessor63'
Event: 3684.521 Thread 0x0000027693312700 Unloading class 0x00000001007ad800 'jdk/internal/reflect/GeneratedConstructorAccessor64'
Event: 3684.521 Thread 0x0000027693312700 Unloading class 0x0000000100798000 'jdk/internal/reflect/GeneratedMethodAccessor29'
Event: 3684.521 Thread 0x0000027693312700 Unloading class 0x000000010008bc00 'jdk/internal/reflect/GeneratedConstructorAccessor58'
Event: 3684.521 Thread 0x0000027693312700 Unloading class 0x000000010008c000 'jdk/internal/reflect/GeneratedMethodAccessor28'
Event: 3684.521 Thread 0x0000027693312700 Unloading class 0x000000010008d400 'jdk/internal/reflect/GeneratedConstructorAccessor57'
Event: 3684.521 Thread 0x0000027693312700 Unloading class 0x0000000100428400 'jdk/internal/reflect/GeneratedMethodAccessor27'
Event: 3684.521 Thread 0x0000027693312700 Unloading class 0x0000000100408000 'jdk/internal/reflect/GeneratedMethodAccessor26'
Event: 3684.521 Thread 0x0000027693312700 Unloading class 0x00000001003ae400 'jdk/internal/reflect/GeneratedMethodAccessor25'
Event: 3684.521 Thread 0x0000027693312700 Unloading class 0x00000001003a6c00 'jdk/internal/reflect/GeneratedConstructorAccessor52'
Event: 3779.391 Thread 0x0000027693312700 Unloading class 0x00000001007fd000 'jdk/internal/reflect/GeneratedSerializationConstructorAccessor70'
Event: 3779.391 Thread 0x0000027693312700 Unloading class 0x00000001007fc800 'jdk/internal/reflect/GeneratedSerializationConstructorAccessor68'
Event: 3779.391 Thread 0x0000027693312700 Unloading class 0x00000001007fc400 'jdk/internal/reflect/GeneratedSerializationConstructorAccessor67'
Event: 4009.869 Thread 0x0000027693312700 Unloading class 0x0000000100798000 'jdk/internal/reflect/GeneratedSerializationConstructorAccessor88'
Event: 4009.869 Thread 0x0000027693312700 Unloading class 0x00000001003a0c00 'jdk/internal/reflect/GeneratedSerializationConstructorAccessor87'
Event: 4009.869 Thread 0x0000027693312700 Unloading class 0x000000010039e000 'jdk/internal/reflect/GeneratedSerializationConstructorAccessor86'

Classes redefined (0 events):
No events

Internal exceptions (20 events):
Event: 3929.867 Thread 0x000002769941ec90 Exception <a 'sun/nio/fs/WindowsException'{0x00000000c6bdc4d0}> (0x00000000c6bdc4d0) 
thrown [s\src\hotspot\share\prims\jni.cpp, line 516]
Event: 3929.868 Thread 0x000002769941ec90 Exception <a 'sun/nio/fs/WindowsException'{0x00000000c6bdd0d8}> (0x00000000c6bdd0d8) 
thrown [s\src\hotspot\share\prims\jni.cpp, line 516]
Event: 3931.119 Thread 0x000002769941ec90 Exception <a 'sun/nio/fs/WindowsException'{0x00000000c66586c0}> (0x00000000c66586c0) 
thrown [s\src\hotspot\share\prims\jni.cpp, line 516]
Event: 3931.119 Thread 0x000002769941ec90 Exception <a 'sun/nio/fs/WindowsException'{0x00000000c6659160}> (0x00000000c6659160) 
thrown [s\src\hotspot\share\prims\jni.cpp, line 516]
Event: 3931.120 Thread 0x000002769941ec90 Exception <a 'sun/nio/fs/WindowsException'{0x00000000c6659be8}> (0x00000000c6659be8) 
thrown [s\src\hotspot\share\prims\jni.cpp, line 516]
Event: 3931.120 Thread 0x000002769941ec90 Exception <a 'sun/nio/fs/WindowsException'{0x00000000c665a688}> (0x00000000c665a688) 
thrown [s\src\hotspot\share\prims\jni.cpp, line 516]
Event: 3931.120 Thread 0x000002769941ec90 Exception <a 'sun/nio/fs/WindowsException'{0x00000000c665b208}> (0x00000000c665b208) 
thrown [s\src\hotspot\share\prims\jni.cpp, line 516]
Event: 3931.121 Thread 0x000002769941ec90 Exception <a 'sun/nio/fs/WindowsException'{0x00000000c665be10}> (0x00000000c665be10) 
thrown [s\src\hotspot\share\prims\jni.cpp, line 516]
Event: 3931.837 Thread 0x000002769941ec90 Exception <a 'sun/nio/fs/WindowsException'{0x00000000c62d6448}> (0x00000000c62d6448) 
thrown [s\src\hotspot\share\prims\jni.cpp, line 516]
Event: 3931.838 Thread 0x000002769941ec90 Exception <a 'sun/nio/fs/WindowsException'{0x00000000c62d6ee8}> (0x00000000c62d6ee8) 
thrown [s\src\hotspot\share\prims\jni.cpp, line 516]
Event: 3931.838 Thread 0x000002769941ec90 Exception <a 'sun/nio/fs/WindowsException'{0x00000000c62d7970}> (0x00000000c62d7970) 
thrown [s\src\hotspot\share\prims\jni.cpp, line 516]
Event: 3931.838 Thread 0x000002769941ec90 Exception <a 'sun/nio/fs/WindowsException'{0x00000000c62d8410}> (0x00000000c62d8410) 
thrown [s\src\hotspot\share\prims\jni.cpp, line 516]
Event: 3931.838 Thread 0x000002769941ec90 Exception <a 'sun/nio/fs/WindowsException'{0x00000000c62d8f90}> (0x00000000c62d8f90) 
thrown [s\src\hotspot\share\prims\jni.cpp, line 516]
Event: 3931.838 Thread 0x000002769941ec90 Exception <a 'sun/nio/fs/WindowsException'{0x00000000c62d9b98}> (0x00000000c62d9b98) 
thrown [s\src\hotspot\share\prims\jni.cpp, line 516]
Event: 3937.248 Thread 0x000002769941ec90 Exception <a 'sun/nio/fs/WindowsException'{0x00000000c5d5a2a8}> (0x00000000c5d5a2a8) 
thrown [s\src\hotspot\share\prims\jni.cpp, line 516]
Event: 3937.248 Thread 0x000002769941ec90 Exception <a 'sun/nio/fs/WindowsException'{0x00000000c5d5ad48}> (0x00000000c5d5ad48) 
thrown [s\src\hotspot\share\prims\jni.cpp, line 516]
Event: 3937.248 Thread 0x000002769941ec90 Exception <a 'sun/nio/fs/WindowsException'{0x00000000c5d5b7d0}> (0x00000000c5d5b7d0) 
thrown [s\src\hotspot\share\prims\jni.cpp, line 516]
Event: 3937.248 Thread 0x000002769941ec90 Exception <a 'sun/nio/fs/WindowsException'{0x00000000c5d5c270}> (0x00000000c5d5c270) 
thrown [s\src\hotspot\share\prims\jni.cpp, line 516]
Event: 3937.248 Thread 0x000002769941ec90 Exception <a 'sun/nio/fs/WindowsException'{0x00000000c5d5cdf0}> (0x00000000c5d5cdf0) 
thrown [s\src\hotspot\share\prims\jni.cpp, line 516]
Event: 3937.249 Thread 0x000002769941ec90 Exception <a 'sun/nio/fs/WindowsException'{0x00000000c5d5d9f8}> (0x00000000c5d5d9f8) 
thrown [s\src\hotspot\share\prims\jni.cpp, line 516]

VM Operations (20 events):
Event: 3927.805 Executing VM operation: G1CollectFull done
Event: 3968.164 Executing VM operation: G1CollectFull
Event: 3968.257 Executing VM operation: G1CollectFull done
Event: 3978.601 Executing VM operation: G1CollectFull
Event: 3978.689 Executing VM operation: G1CollectFull done
Event: 3988.997 Executing VM operation: G1CollectFull
Event: 3989.086 Executing VM operation: G1CollectFull done
Event: 3999.402 Executing VM operation: G1CollectFull
Event: 3999.491 Executing VM operation: G1CollectFull done
Event: 4009.819 Executing VM operation: G1CollectFull
Event: 4009.945 Executing VM operation: G1CollectFull done
Event: 4020.354 Executing VM operation: G1CollectFull
Event: 4020.475 Executing VM operation: G1CollectFull done
Event: 4030.815 Executing VM operation: G1CollectFull
Event: 4030.902 Executing VM operation: G1CollectFull done
Event: 4041.217 Executing VM operation: G1CollectFull
Event: 4041.307 Executing VM operation: G1CollectFull done
Event: 4051.720 Executing VM operation: G1CollectFull
Event: 4051.833 Executing VM operation: G1CollectFull done
Event: 4062.213 Executing VM operation: G1CollectFull

Events (20 events):
Event: 3589.716 Thread 0x0000027699bfe950 Thread added: 0x0000027699bfe950
Event: 3594.751 Thread 0x000002769a45c060 Thread exited: 0x000002769a45c060
Event: 3597.390 Thread 0x00000276994a8020 Thread added: 0x00000276994a8020
Event: 3602.590 Thread 0x0000027699bfdf30 Thread exited: 0x0000027699bfdf30
Event: 3607.650 Thread 0x00000276994a9e80 Thread added: 0x00000276994a9e80
Event: 3607.729 Thread 0x00000276994acc10 Thread added: 0x00000276994acc10
Event: 3649.750 Thread 0x0000027699bfd510 Thread exited: 0x0000027699bfd510
Event: 3649.750 Thread 0x0000027699bfda20 Thread exited: 0x0000027699bfda20
Event: 3649.756 Thread 0x0000027699bfe950 Thread exited: 0x0000027699bfe950
Event: 3649.756 Thread 0x0000027699bfe440 Thread exited: 0x0000027699bfe440
Event: 3657.403 Thread 0x00000276994a8020 Thread exited: 0x00000276994a8020
Event: 3662.779 Thread 0x0000027699bfc5e0 Thread exited: 0x0000027699bfc5e0
Event: 3662.787 Thread 0x000002769941e780 Thread exited: 0x000002769941e780
Event: 3667.736 Thread 0x0000027699bfbbc0 Thread exited: 0x0000027699bfbbc0
Event: 3727.736 Thread 0x0000027699bfb1a0 Thread exited: 0x0000027699bfb1a0
Event: 3815.168 Thread 0x0000027699bfc0d0 Thread exited: 0x0000027699bfc0d0
Event: 3928.109 Thread 0x00000276994a8020 Thread added: 0x00000276994a8020
Event: 3928.258 Thread 0x00000276994ad630 Thread added: 0x00000276994ad630
Event: 3988.702 Thread 0x00000276994a8020 Thread exited: 0x00000276994a8020
Event: 3988.705 Thread 0x00000276994ad630 Thread exited: 0x00000276994ad630


Dynamic libraries:
0x00007ff6c4050000 - 0x00007ff6c405e000 	c:\Users\fatim\.vscode\extensions\redhat.java-1.30.0-win32-x64\jre\17.0.10-win32-x86_64\bin\java.exe
0x00007ff99c290000 - 0x00007ff99c4a6000 	C:\Windows\SYSTEM32\ntdll.dll
0x00007ff9628c0000 - 0x00007ff9628d9000 	C:\Program Files\Avast Software\Avast\aswhook.dll
0x00007ff99b420000 - 0x00007ff99b4e4000 	C:\Windows\System32\KERNEL32.DLL
0x00007ff999700000 - 0x00007ff999aa7000 	C:\Windows\System32\KERNELBASE.dll
0x00007ff999ea0000 - 0x00007ff999fb1000 	C:\Windows\System32\ucrtbase.dll
0x00007ff92d950000 - 0x00007ff92d967000 	c:\Users\fatim\.vscode\extensions\redhat.java-1.30.0-win32-x64\jre\17.0.10-win32-x86_64\bin\jli.dll
0x00007ff99bb90000 - 0x00007ff99bd3e000 	C:\Windows\System32\USER32.dll
0x00007ff999ab0000 - 0x00007ff999ad6000 	C:\Windows\System32\win32u.dll
0x00007ff92d930000 - 0x00007ff92d94b000 	c:\Users\fatim\.vscode\extensions\redhat.java-1.30.0-win32-x64\jre\17.0.10-win32-x86_64\bin\VCRUNTIME140.dll
0x00007ff985f30000 - 0x00007ff9861c3000 	C:\Windows\WinSxS\amd64_microsoft.windows.common-controls_6595b64144ccf1df_6.0.22621.3235_none_270f74e173860f98\COMCTL32.dll
0x00007ff99a9d0000 - 0x00007ff99aa77000 	C:\Windows\System32\msvcrt.dll
0x00007ff99b3f0000 - 0x00007ff99b419000 	C:\Windows\System32\GDI32.dll
0x00007ff9995b0000 - 0x00007ff9996c9000 	C:\Windows\System32\gdi32full.dll
0x00007ff999ae0000 - 0x00007ff999b7a000 	C:\Windows\System32\msvcp_win.dll
0x00007ff99ac10000 - 0x00007ff99ac41000 	C:\Windows\System32\IMM32.DLL
0x00007ff985520000 - 0x00007ff98552c000 	c:\Users\fatim\.vscode\extensions\redhat.java-1.30.0-win32-x64\jre\17.0.10-win32-x86_64\bin\vcruntime140_1.dll
0x00007ff924cb0000 - 0x00007ff924d3d000 	c:\Users\fatim\.vscode\extensions\redhat.java-1.30.0-win32-x64\jre\17.0.10-win32-x86_64\bin\msvcp140.dll
0x00007ff8fed40000 - 0x00007ff8ff9a2000 	c:\Users\fatim\.vscode\extensions\redhat.java-1.30.0-win32-x64\jre\17.0.10-win32-x86_64\bin\server\jvm.dll
0x00007ff99b4f0000 - 0x00007ff99b5a2000 	C:\Windows\System32\ADVAPI32.dll
0x00007ff99b340000 - 0x00007ff99b3e8000 	C:\Windows\System32\sechost.dll
0x00007ff9996d0000 - 0x00007ff9996f8000 	C:\Windows\System32\bcrypt.dll
0x00007ff99a820000 - 0x00007ff99a935000 	C:\Windows\System32\RPCRT4.dll
0x00007ff998410000 - 0x00007ff99845d000 	C:\Windows\SYSTEM32\POWRPROF.dll
0x00007ff982d70000 - 0x00007ff982d79000 	C:\Windows\SYSTEM32\WSOCK32.dll
0x00007ff99be20000 - 0x00007ff99be91000 	C:\Windows\System32\WS2_32.dll
0x00007ff9914e0000 - 0x00007ff991514000 	C:\Windows\SYSTEM32\WINMM.dll
0x00007ff991100000 - 0x00007ff99110a000 	C:\Windows\SYSTEM32\VERSION.dll
0x00007ff9983f0000 - 0x00007ff998403000 	C:\Windows\SYSTEM32\UMPDC.dll
0x00007ff9986a0000 - 0x00007ff9986b8000 	C:\Windows\SYSTEM32\kernel.appcore.dll
0x00007ff9686d0000 - 0x00007ff9686da000 	c:\Users\fatim\.vscode\extensions\redhat.java-1.30.0-win32-x64\jre\17.0.10-win32-x86_64\bin\jimage.dll
0x00007ff9887c0000 - 0x00007ff9889f3000 	C:\Windows\SYSTEM32\DBGHELP.DLL
0x00007ff99bea0000 - 0x00007ff99c228000 	C:\Windows\System32\combase.dll
0x00007ff99b5c0000 - 0x00007ff99b697000 	C:\Windows\System32\OLEAUT32.dll
0x00007ff988780000 - 0x00007ff9887b2000 	C:\Windows\SYSTEM32\dbgcore.DLL
0x00007ff999e20000 - 0x00007ff999e99000 	C:\Windows\System32\bcryptPrimitives.dll
0x00007ff92d900000 - 0x00007ff92d925000 	c:\Users\fatim\.vscode\extensions\redhat.java-1.30.0-win32-x64\jre\17.0.10-win32-x86_64\bin\java.dll
0x00007ff967b50000 - 0x00007ff967b68000 	c:\Users\fatim\.vscode\extensions\redhat.java-1.30.0-win32-x64\jre\17.0.10-win32-x86_64\bin\zip.dll
0x00007ff999fc0000 - 0x00007ff99a81c000 	C:\Windows\System32\SHELL32.dll
0x00007ff9974d0000 - 0x00007ff997dc9000 	C:\Windows\SYSTEM32\windows.storage.dll
0x00007ff997390000 - 0x00007ff9974ce000 	C:\Windows\SYSTEM32\wintypes.dll
0x00007ff99b6a0000 - 0x00007ff99b793000 	C:\Windows\System32\SHCORE.dll
0x00007ff99bd40000 - 0x00007ff99bd9e000 	C:\Windows\System32\shlwapi.dll
0x00007ff9994e0000 - 0x00007ff999501000 	C:\Windows\SYSTEM32\profapi.dll
0x00007ff924e30000 - 0x00007ff924e49000 	C:\Users\fatim\.vscode\extensions\redhat.java-1.30.0-win32-x64\jre\17.0.10-win32-x86_64\bin\net.dll
0x00007ff991790000 - 0x00007ff9918c6000 	C:\Windows\SYSTEM32\WINHTTP.dll
0x00007ff998b00000 - 0x00007ff998b69000 	C:\Windows\system32\mswsock.dll
0x00007ff924e10000 - 0x00007ff924e26000 	C:\Users\fatim\.vscode\extensions\redhat.java-1.30.0-win32-x64\jre\17.0.10-win32-x86_64\bin\nio.dll
0x00007ff967b40000 - 0x00007ff967b50000 	c:\Users\fatim\.vscode\extensions\redhat.java-1.30.0-win32-x64\jre\17.0.10-win32-x86_64\bin\verify.dll
0x00007ff998e50000 - 0x00007ff998e6b000 	C:\Windows\SYSTEM32\CRYPTSP.dll
0x00007ff998600000 - 0x00007ff998635000 	C:\Windows\system32\rsaenh.dll
0x00007ff998ba0000 - 0x00007ff998bc8000 	C:\Windows\SYSTEM32\USERENV.dll
0x00007ff998e30000 - 0x00007ff998e3c000 	C:\Windows\SYSTEM32\CRYPTBASE.dll
0x00007ff9980a0000 - 0x00007ff9980cd000 	C:\Windows\SYSTEM32\IPHLPAPI.DLL
0x00007ff99b870000 - 0x00007ff99b879000 	C:\Windows\System32\NSI.dll
0x00007ff9914a0000 - 0x00007ff9914b9000 	C:\Windows\SYSTEM32\dhcpcsvc6.DLL
0x00007ff991380000 - 0x00007ff99139f000 	C:\Windows\SYSTEM32\dhcpcsvc.DLL
0x00007ff998110000 - 0x00007ff998209000 	C:\Windows\SYSTEM32\DNSAPI.dll
0x00007ff991600000 - 0x00007ff991609000 	C:\Users\fatim\.vscode\extensions\redhat.java-1.30.0-win32-x64\jre\17.0.10-win32-x86_64\bin\management.dll
0x00007ff9915f0000 - 0x00007ff9915fb000 	C:\Users\fatim\.vscode\extensions\redhat.java-1.30.0-win32-x64\jre\17.0.10-win32-x86_64\bin\management_ext.dll
0x00007ff99b7f0000 - 0x00007ff99b7f8000 	C:\Windows\System32\PSAPI.DLL
0x00007ff992890000 - 0x00007ff99289e000 	C:\Users\fatim\.vscode\extensions\redhat.java-1.30.0-win32-x64\jre\17.0.10-win32-x86_64\bin\sunmscapi.dll
0x00007ff999c40000 - 0x00007ff999da7000 	C:\Windows\System32\CRYPT32.dll
0x00007ff998f70000 - 0x00007ff998f9e000 	C:\Windows\SYSTEM32\ncrypt.dll
0x00007ff998f30000 - 0x00007ff998f67000 	C:\Windows\SYSTEM32\NTASN1.dll
0x00007ff98eb20000 - 0x00007ff98eb2a000 	C:\Windows\System32\rasadhlp.dll
0x00007ff98f880000 - 0x00007ff98f903000 	C:\Windows\System32\fwpuclnt.dll
0x00007ff992880000 - 0x00007ff992889000 	C:\Users\fatim\.vscode\extensions\redhat.java-1.30.0-win32-x64\jre\17.0.10-win32-x86_64\bin\extnet.dll
0x00007ff96fa30000 - 0x00007ff96fa47000 	C:\Windows\system32\napinsp.dll
0x00007ff96f9d0000 - 0x00007ff96f9eb000 	C:\Windows\system32\pnrpnsp.dll
0x00007ff96f9b0000 - 0x00007ff96f9c1000 	C:\Windows\System32\winrnr.dll
0x00007ff990c30000 - 0x00007ff990c45000 	C:\Windows\system32\wshbth.dll
0x00007ff96f980000 - 0x00007ff96f9a1000 	C:\Windows\system32\nlansp_c.dll
0x00007ff9915e0000 - 0x00007ff9915e7000 	C:\Users\fatim\.vscode\extensions\redhat.java-1.30.0-win32-x64\jre\17.0.10-win32-x86_64\bin\rmi.dll

dbghelp: loaded successfully - version: 4.0.5 - missing functions: none
symbol engine: initialized successfully - sym options: 0x614 - pdb path: .;c:\Users\fatim\.vscode\extensions\redhat.java-1.30.0-win32-x64\jre\17.0.10-win32-x86_64\bin;C:\Windows\SYSTEM32;C:\Program Files\Avast Software\Avast;C:\Windows\WinSxS\amd64_microsoft.windows.common-controls_6595b64144ccf1df_6.0.22621.3235_none_270f74e173860f98;c:\Users\fatim\.vscode\extensions\redhat.java-1.30.0-win32-x64\jre\17.0.10-win32-x86_64\bin\server

VM Arguments:
jvm_args: -Xmx1024m -Dsts.lsp.client=vscode -Dsts.log.file=/dev/null -XX:TieredStopAtLevel=1 -Xlog:jni+resolve=off -Dspring.config.location=file:c:\Users\fatim\.vscode\extensions\vmware.vscode-spring-boot-1.54.0\language-server\BOOT-INF\classes\application.properties 
java_command: org.springframework.ide.vscode.boot.app.BootLanguageServerBootApp
java_class_path (initial): c:\Users\fatim\.vscode\extensions\vmware.vscode-spring-boot-1.54.0\language-server\BOOT-INF\classes;c:\Users\fatim\.vscode\extensions\vmware.vscode-spring-boot-1.54.0\language-server\BOOT-INF\lib\annotations-24.1.0.jar;c:\Users\fatim\.vscode\extensions\vmware.vscode-spring-boot-1.54.0\language-server\BOOT-INF\lib\antlr4-runtime-4.13.1.jar;c:\Users\fatim\.vscode\extensions\vmware.vscode-spring-boot-1.54.0\language-server\BOOT-INF\lib\asm-9.7.jar;c:\Users\fatim\.vscode\extensions\vmware.vscode-spring-boot-1.54.0\language-server\BOOT-INF\lib\asm-analysis-9.7.jar;c:\Users\fatim\.vscode\extensions\vmware.vscode-spring-boot-1.54.0\language-server\BOOT-INF\lib\asm-tree-9.7.jar;c:\Users\fatim\.vscode\extensions\vmware.vscode-spring-boot-1.54.0\language-server\BOOT-INF\lib\asm-util-9.7.jar;c:\Users\fatim\.vscode\extensions\vmware.vscode-spring-boot-1.54.0\language-server\BOOT-INF\lib\caffeine-3.1.8.jar;c:\Users\fatim\.vscode\extensions\vmware.vscode-spring-boot-1.54.0\language-server\BOOT-INF\lib\checker-qual-3.12.0.jar;c:\Users\fatim\.vscode\extensions\vmware.vscode-spring-boot-1.54.0\language-server\BOOT-INF\lib\classgraph-4.8.149.jar;c:\Users\fatim\.vscode\extensions\vmware.vscode-spring-boot-1.54.0\language-server\BOOT-INF\lib\commons-codec-1.16.1.jar;c:\Users\fatim\.vscode\extensions\vmware.vscode-spring-boot-1.54.0\language-server\BOOT-INF\lib\commons-compress-1.26.1.jar;c:\Users\fatim\.vscode\extensions\vmware.vscode-spring-boot-1.54.0\language-server\BOOT-INF\lib\commons-io-2.4.jar;c:\Users\fatim\.vscode\extensions\vmware.vscode-spring-boot-1.54.0\language-server\BOOT-INF\lib\commons-java-1.54.0-SNAPSHOT.jar;c:\Users\fatim\.vscode\extensions\vmware.vscode-spring-boot-1.54.0\language-server\BOOT-INF\lib\commons-lang3-3.13.0.jar;c:\Users\fatim\.vscode\extensions\vmware.vscode-spring-boot-1.54.0\language-server\BOOT-INF\lib\commons-language-server-1.54.0-SNAPSHOT.jar;c:\Users\fatim\.vscode\extensions\vmware.vscode-spring-boot-1.54.0\language
Launcher Type: SUN_STANDARD

[Global flags]
     intx CICompilerCount                          = 4                                         {product} {ergonomic}
     uint ConcGCThreads                            = 2                                         {product} {ergonomic}
     uint G1ConcRefinementThreads                  = 8                                         {product} {ergonomic}
   size_t G1HeapRegionSize                         = 1048576                                   {product} {ergonomic}
    uintx GCDrainStackTargetSize                   = 64                                        {product} {ergonomic}
   size_t InitialHeapSize                          = 134217728                                 {product} {ergonomic}
   size_t MarkStackSize                            = 4194304                                   {product} {ergonomic}
   size_t MaxHeapSize                              = 1073741824                                {product} {command line}
   size_t MaxNewSize                               = 643825664                                 {product} {ergonomic}
   size_t MinHeapDeltaBytes                        = 1048576                                   {product} {ergonomic}
   size_t MinHeapSize                              = 8388608                                   {product} {ergonomic}
    uintx NonProfiledCodeHeapSize                  = 0                                      {pd product} {ergonomic}
     bool ProfileInterpreter                       = false                                  {pd product} {command line}
    uintx ProfiledCodeHeapSize                     = 0                                      {pd product} {ergonomic}
   size_t SoftMaxHeapSize                          = 1073741824                             {manageable} {ergonomic}
     intx TieredStopAtLevel                        = 1                                         {product} {command line}
     bool UseCompressedClassPointers               = true                           {product lp64_product} {ergonomic}
     bool UseCompressedOops                        = true                           {product lp64_product} {ergonomic}
     bool UseG1GC                                  = true                                      {product} {ergonomic}
     bool UseLargePagesIndividualAllocation        = false                                  {pd product} {ergonomic}

Logging:
Log output configuration:
 #0: stdout all=warning,jni+resolve=off uptime,level,tags
 #1: stderr all=off uptime,level,tags

Environment Variables:
JAVA_HOME=C:\Program Files\Java\jdk-21
PATH=C:\Program Files\Common Files\Oracle\Java\javapath;C:\Windows\system32;C:\Windows;C:\Windows\System32\Wbem;C:\Windows\System32\WindowsPowerShell\v1.0\;C:\Windows\System32\OpenSSH\;C:\DevTools\apache-maven-3.9.4-bin\apache-maven-3.9.4\bin;C:\Program Files\Java\jdk-21\bin;C:\Program Files\Git\cmd;C:\Program Files\Java\jdk-21\bin;C:\Program Files\nodejs\;C:\Program Files\nodejs;;C:\Program Files\Docker\Docker\resources\bin;C:\Users\fatim\AppData\Local\Microsoft\WindowsApps;C:\Users\fatim\AppData\Local\Programs\Microsoft VS Code\bin;C:\Users\fatim\AppData\Roaming\npm;C:\Program Files\nodejs;
USERNAME=fatima
OS=Windows_NT
PROCESSOR_IDENTIFIER=Intel64 Family 6 Model 142 Stepping 10, GenuineIntel
TMP=C:\Users\fatim\AppData\Local\Temp
TEMP=C:\Users\fatim\AppData\Local\Temp



Periodic native trim disabled


---------------  S Y S T E M  ---------------

OS:
 Windows 11 , 64 bit Build 22621 (10.0.22621.3374)
OS uptime: 0 days 1:17 hours
Hyper-V role detected

CPU: total 8 (initial active 8) (4 cores per cpu, 2 threads per core) family 6 model 142 stepping 10 microcode 0xe0, cx8, cmov, fxsr, ht, mmx, 3dnowpref, sse, sse2, sse3, ssse3, sse4.1, sse4.2, popcnt, lzcnt, tsc, tscinvbit, avx, avx2, aes, erms, clmul, bmi1, bmi2, adx, fma, vzeroupper, clflush, clflushopt, hv
Processor Information for all 8 processors :
  Max Mhz: 2001, Current Mhz: 1500, Mhz Limit: 1780

Memory: 4k page, system-wide physical 8108M (902M free)
TotalPageFile size 15276M (AvailPageFile size 3544M)
current process WorkingSet (physical memory assigned to process): 243M, peak: 261M
current process commit charge ("private bytes"): 316M, peak: 328M

vm_info: OpenJDK 64-Bit Server VM (17.0.10+7) for windows-amd64 JRE (17.0.10+7), built on Jan 16 2024 23:25:11 by "admin" with MS VC++ 16.10 / 16.11 (VS2019)

END.
